<?xml version="1.0" encoding="UTF-8"?>
<testsuite xmlns:xsi="http://www.w3.org/2001/XMLSchema-instance" xsi:noNamespaceSchemaLocation="https://maven.apache.org/surefire/maven-surefire-plugin/xsd/surefire-test-report-3.0.xsd" version="3.0" name="TestSuite" time="205.106" tests="3" errors="0" skipped="0" failures="1">
  <properties>
[...]
</properties>
  <testcase name="TC001" classname="com.youtube.org.E2E_FRAMEWORK_YOUTUBE.MainTCEcommerce" time="85.128">
    <system-out><![CDATA[All TASK KILLED
&amp#27;[35m[Appium]&amp#27;[39m Welcome to Appium v1.18.0
&amp#27;[35m[Appium]&amp#27;[39m Appium REST http interface listener started on 0.0.0.0:4723
&amp#27;[35m[HTTP]&amp#27;[39m &amp#27;[37m-->&amp#27;[39m &amp#27;[37mGET&amp#27;[39m &amp#27;[37m/wd/hub/status&amp#27;[39m
&amp#27;[35m[HTTP]&amp#27;[39m &amp#27;[90m{}&amp#27;[39m
[debug] &amp#27;[35m[GENERIC]&amp#27;[39m Calling AppiumDriver.getStatus() with args: []
[debug] &amp#27;[35m[GENERIC]&amp#27;[39m Responding to client with driver.getStatus() result: {"build":{"version":"1.18.0"}}
&amp#27;[35m[HTTP]&amp#27;[39m &amp#27;[37m<-- GET /wd/hub/status &amp#27;[39m&amp#27;[32m200&amp#27;[39m &amp#27;[90m16 ms - 68&amp#27;[39m
&amp#27;[35m[HTTP]&amp#27;[39m &amp#27;[90m&amp#27;[39m
&amp#27;[35m[HTTP]&amp#27;[39m &amp#27;[37m-->&amp#27;[39m &amp#27;[37mPOST&amp#27;[39m &amp#27;[37m/wd/hub/session&amp#27;[39m
&amp#27;[35m[HTTP]&amp#27;[39m &amp#27;[90m{"desiredCapabilities":{"appActivity":"com.androidsample.generalstore.SplashActivity","appPackage":"com.androidsample.generalstore","newCommandTimeout":"25","platformName":"Android","MobileCapabilityType.PLATFORM_NAME":"MobilePlatform.ANDROID","deviceName":"Sharon"},"capabilities":{"firstMatch":[{"MobileCapabilityType.PLATFORM_NAME":"MobilePlatform.ANDROID","appium:appActivity":"com.androidsample.generalstore.SplashActivity","appium:appPackage":"com.androidsample.generalstore","appium:deviceName":"Sharon","appium:newCommandTimeout":"25","platformName":"android"}]}}&amp#27;[39m
[debug] &amp#27;[35m[W3C]&amp#27;[39m Calling AppiumDriver.createSession() with args: [{"appActivity":"com.androidsample.generalstore.SplashActivity","appPackage":"com.androidsample.generalstore","newCommandTimeout":"25","platformName":"Android","MobileCapabilityType.PLATFORM_NAME":"MobilePlatform.ANDROID","deviceName":"Sharon"},null,{"firstMatch":[{"MobileCapabilityType.PLATFORM_NAME":"MobilePlatform.ANDROID","appium:appActivity":"com.androidsample.generalstore.SplashActivity","appium:appPackage":"com.androidsample.generalstore","appium:deviceName":"Sharon","appium:newCommandTimeout":"25","platformName":"android"}]}]
[debug] &amp#27;[35m[BaseDriver]&amp#27;[39m Event 'newSessionRequested' logged at 1596222763111 (00:42:43 GMT+0530 (India Standard Time))
&amp#27;[35m[BaseDriver]&amp#27;[39m The following capabilities are not standard capabilities and should have an extension prefix:
&amp#27;[35m[BaseDriver]&amp#27;[39m   MobileCapabilityType.PLATFORM_NAME
&amp#27;[35m[BaseDriver]&amp#27;[39m Number capability passed in as string. Functionality may be compromised.
&amp#27;[35m[Appium]&amp#27;[39m 
&amp#27;[35m[Appium]&amp#27;[39m ======================================================================
&amp#27;[35m[Appium]&amp#27;[39m   DEPRECATION WARNING:
&amp#27;[35m[Appium]&amp#27;[39m 
&amp#27;[35m[Appium]&amp#27;[39m   The 'automationName' capability was not provided in the desired 
&amp#27;[35m[Appium]&amp#27;[39m   capabilities for this Android session
&amp#27;[35m[Appium]&amp#27;[39m 
&amp#27;[35m[Appium]&amp#27;[39m   Setting 'automationName=UiAutomator2' by default and using the 
&amp#27;[35m[Appium]&amp#27;[39m   UiAutomator2 Driver
&amp#27;[35m[Appium]&amp#27;[39m 
&amp#27;[35m[Appium]&amp#27;[39m   The next major version of Appium (2.x) will **require** the 
&amp#27;[35m[Appium]&amp#27;[39m   'automationName' capability to be set for all sessions on all 
&amp#27;[35m[Appium]&amp#27;[39m   platforms
&amp#27;[35m[Appium]&amp#27;[39m 
&amp#27;[35m[Appium]&amp#27;[39m   In previous versions (Appium <= 1.13.x), the default was 
&amp#27;[35m[Appium]&amp#27;[39m   'automationName=UiAutomator1'
&amp#27;[35m[Appium]&amp#27;[39m 
&amp#27;[35m[Appium]&amp#27;[39m   If you wish to use that automation instead of UiAutomator2, please 
&amp#27;[35m[Appium]&amp#27;[39m   add 'automationName=UiAutomator1' to your desired capabilities
&amp#27;[35m[Appium]&amp#27;[39m 
&amp#27;[35m[Appium]&amp#27;[39m   For more information about drivers, please visit 
&amp#27;[35m[Appium]&amp#27;[39m   http://appium.io/docs/en/about-appium/intro/ and explore the 
&amp#27;[35m[Appium]&amp#27;[39m   'Drivers' menu
&amp#27;[35m[Appium]&amp#27;[39m 
&amp#27;[35m[Appium]&amp#27;[39m ======================================================================
&amp#27;[35m[Appium]&amp#27;[39m 
&amp#27;[35m[Appium]&amp#27;[39m Appium v1.18.0 creating new AndroidUiautomator2Driver (v1.56.1) session
[debug] &amp#27;[35m[BaseDriver]&amp#27;[39m W3C capabilities and MJSONWP desired capabilities were provided
[debug] &amp#27;[35m[BaseDriver]&amp#27;[39m Creating session with W3C capabilities: {
[debug] &amp#27;[35m[BaseDriver]&amp#27;[39m   "alwaysMatch": {
[debug] &amp#27;[35m[BaseDriver]&amp#27;[39m     "appium:MobileCapabilityType.PLATFORM_NAME": "MobilePlatform.ANDROID",
[debug] &amp#27;[35m[BaseDriver]&amp#27;[39m     "platformName": "android",
[debug] &amp#27;[35m[BaseDriver]&amp#27;[39m     "appium:appActivity": "com.androidsample.generalstore.SplashActivity",
[debug] &amp#27;[35m[BaseDriver]&amp#27;[39m     "appium:appPackage": "com.androidsample.generalstore",
[debug] &amp#27;[35m[BaseDriver]&amp#27;[39m     "appium:deviceName": "Sharon",
[debug] &amp#27;[35m[BaseDriver]&amp#27;[39m     "appium:newCommandTimeout": "25"
[debug] &amp#27;[35m[BaseDriver]&amp#27;[39m   },
[debug] &amp#27;[35m[BaseDriver]&amp#27;[39m   "firstMatch": [
[debug] &amp#27;[35m[BaseDriver]&amp#27;[39m     {}
[debug] &amp#27;[35m[BaseDriver]&amp#27;[39m   ]
[debug] &amp#27;[35m[BaseDriver]&amp#27;[39m }
&amp#27;[35m[BaseDriver]&amp#27;[39m Number capability passed in as string. Functionality may be compromised.
&amp#27;[35m[BaseDriver]&amp#27;[39m Capability 'newCommandTimeout' changed from string ('25') to integer (25). This may cause unexpected behavior
&amp#27;[35m[BaseDriver]&amp#27;[39m The following capabilities were provided, but are not recognized by Appium:
&amp#27;[35m[BaseDriver]&amp#27;[39m   MobileCapabilityType.PLATFORM_NAME
&amp#27;[35m[BaseDriver]&amp#27;[39m Session created with session id: 6b1442da-a31d-44ce-a6ab-2da9d351a367
&amp#27;[35m[UiAutomator2]&amp#27;[39m Starting 'com.androidsample.generalstore' directly on the device
&amp#27;[35m[ADB]&amp#27;[39m Found 5 'build-tools' folders under 'C:\Users\SARAVANAN R\AppData\Local\Android\Sdk' (newest first):
&amp#27;[35m[ADB]&amp#27;[39m     C:/Users/SARAVANAN R/AppData/Local/Android/Sdk/build-tools/30.0.0
&amp#27;[35m[ADB]&amp#27;[39m     C:/Users/SARAVANAN R/AppData/Local/Android/Sdk/build-tools/29.0.3
&amp#27;[35m[ADB]&amp#27;[39m     C:/Users/SARAVANAN R/AppData/Local/Android/Sdk/build-tools/29.0.0
&amp#27;[35m[ADB]&amp#27;[39m     C:/Users/SARAVANAN R/AppData/Local/Android/Sdk/build-tools/28.0.3
&amp#27;[35m[ADB]&amp#27;[39m     C:/Users/SARAVANAN R/AppData/Local/Android/Sdk/build-tools/26.0.2
&amp#27;[35m[ADB]&amp#27;[39m Using 'adb.exe' from 'C:\Users\SARAVANAN R\AppData\Local\Android\Sdk\platform-tools\adb.exe'
[debug] &amp#27;[35m[ADB]&amp#27;[39m Running 'C:\Users\SARAVANAN R\AppData\Local\Android\Sdk\platform-tools\adb.exe -P 5037 start-server'
&amp#27;[35m[AndroidDriver]&amp#27;[39m Retrieving device list
[debug] &amp#27;[35m[ADB]&amp#27;[39m Trying to find a connected android device
[debug] &amp#27;[35m[ADB]&amp#27;[39m Getting connected devices
[debug] &amp#27;[35m[ADB]&amp#27;[39m Connected devices: [{"udid":"emulator-5554","state":"device"}]
&amp#27;[35m[AndroidDriver]&amp#27;[39m Using device: emulator-5554
&amp#27;[35m[ADB]&amp#27;[39m Using 'adb.exe' from 'C:\Users\SARAVANAN R\AppData\Local\Android\Sdk\platform-tools\adb.exe'
[debug] &amp#27;[35m[ADB]&amp#27;[39m Running 'C:\Users\SARAVANAN R\AppData\Local\Android\Sdk\platform-tools\adb.exe -P 5037 start-server'
[debug] &amp#27;[35m[ADB]&amp#27;[39m Setting device id to emulator-5554
[debug] &amp#27;[35m[ADB]&amp#27;[39m Running 'C:\Users\SARAVANAN R\AppData\Local\Android\Sdk\platform-tools\adb.exe -P 5037 -s emulator-5554 shell getprop ro.build.version.sdk'
[debug] &amp#27;[35m[ADB]&amp#27;[39m Current device property 'ro.build.version.sdk': 28
&amp#27;[35m[ADB]&amp#27;[39m Getting device platform version
[debug] &amp#27;[35m[ADB]&amp#27;[39m Running 'C:\Users\SARAVANAN R\AppData\Local\Android\Sdk\platform-tools\adb.exe -P 5037 -s emulator-5554 shell getprop ro.build.version.release'
[debug] &amp#27;[35m[ADB]&amp#27;[39m Current device property 'ro.build.version.release': 9
[debug] &amp#27;[35m[ADB]&amp#27;[39m Device API level: 28
&amp#27;[35m[UiAutomator2]&amp#27;[39m Relaxing hidden api policy
[debug] &amp#27;[35m[ADB]&amp#27;[39m Running 'C:\Users\SARAVANAN R\AppData\Local\Android\Sdk\platform-tools\adb.exe -P 5037 -s emulator-5554 shell 'settings put global hidden_api_policy_pre_p_apps 1;settings put global hidden_api_policy_p_apps 1;settings put global hidden_api_policy 1''
&amp#27;[35m[AndroidDriver]&amp#27;[39m No app sent in, not parsing package/activity
[debug] &amp#27;[35m[ADB]&amp#27;[39m Running 'C:\Users\SARAVANAN R\AppData\Local\Android\Sdk\platform-tools\adb.exe -P 5037 -s emulator-5554 wait-for-device'
[debug] &amp#27;[35m[ADB]&amp#27;[39m Running 'C:\Users\SARAVANAN R\AppData\Local\Android\Sdk\platform-tools\adb.exe -P 5037 -s emulator-5554 shell echo ping'
[debug] &amp#27;[35m[AndroidDriver]&amp#27;[39m Pushing settings apk to device...
[debug] &amp#27;[35m[ADB]&amp#27;[39m Getting install status for io.appium.settings
[debug] &amp#27;[35m[ADB]&amp#27;[39m Running 'C:\Users\SARAVANAN R\AppData\Local\Android\Sdk\platform-tools\adb.exe -P 5037 -s emulator-5554 shell dumpsys package io.appium.settings'
[debug] &amp#27;[35m[ADB]&amp#27;[39m 'io.appium.settings' is installed
[debug] &amp#27;[35m[ADB]&amp#27;[39m Getting package info for 'io.appium.settings'
[debug] &amp#27;[35m[ADB]&amp#27;[39m Running 'C:\Users\SARAVANAN R\AppData\Local\Android\Sdk\platform-tools\adb.exe -P 5037 -s emulator-5554 shell dumpsys package io.appium.settings'
[debug] &amp#27;[35m[ADB]&amp#27;[39m The version name of the installed 'io.appium.settings' is greater or equal to the application version name ('3.2.0' >= '3.2.0')
[debug] &amp#27;[35m[ADB]&amp#27;[39m There is no need to install/upgrade 'C:\Users\SARAVANAN R\AppData\Roaming\npm\node_modules\appium\node_modules\io.appium.settings\apks\settings_apk-debug.apk'
[debug] &amp#27;[35m[ADB]&amp#27;[39m Getting IDs of all 'io.appium.settings' processes
[debug] &amp#27;[35m[ADB]&amp#27;[39m Running 'C:\Users\SARAVANAN R\AppData\Local\Android\Sdk\platform-tools\adb.exe -P 5037 -s emulator-5554 shell 'pgrep --help; echo $?''
[debug] &amp#27;[35m[ADB]&amp#27;[39m Running 'C:\Users\SARAVANAN R\AppData\Local\Android\Sdk\platform-tools\adb.exe -P 5037 -s emulator-5554 shell pgrep -f io\\.appium\\.settings'
[debug] &amp#27;[35m[AndroidDriver]&amp#27;[39m io.appium.settings is already running. There is no need to reset its permissions.
[debug] &amp#27;[35m[Logcat]&amp#27;[39m Starting logs capture with command: 'C:\\Users\\SARAVANAN R\\AppData\\Local\\Android\\Sdk\\platform-tools\\adb.exe' -P 5037 -s emulator-5554 logcat -v threadtime
[debug] &amp#27;[35m[UiAutomator2]&amp#27;[39m Forwarding UiAutomator2 Server port 6790 to 8202
[debug] &amp#27;[35m[ADB]&amp#27;[39m Forwarding system: 8202 to device: 6790
[debug] &amp#27;[35m[ADB]&amp#27;[39m Running 'C:\Users\SARAVANAN R\AppData\Local\Android\Sdk\platform-tools\adb.exe -P 5037 -s emulator-5554 forward tcp\:8202 tcp\:6790'
[debug] &amp#27;[35m[ADB]&amp#27;[39m Getting install status for io.appium.uiautomator2.server
[debug] &amp#27;[35m[ADB]&amp#27;[39m Running 'C:\Users\SARAVANAN R\AppData\Local\Android\Sdk\platform-tools\adb.exe -P 5037 -s emulator-5554 shell dumpsys package io.appium.uiautomator2.server'
[debug] &amp#27;[35m[ADB]&amp#27;[39m 'io.appium.uiautomator2.server' is installed
[debug] &amp#27;[35m[ADB]&amp#27;[39m Getting package info for 'io.appium.uiautomator2.server'
[debug] &amp#27;[35m[ADB]&amp#27;[39m Running 'C:\Users\SARAVANAN R\AppData\Local\Android\Sdk\platform-tools\adb.exe -P 5037 -s emulator-5554 shell dumpsys package io.appium.uiautomator2.server'
[debug] &amp#27;[35m[ADB]&amp#27;[39m The version name of the installed 'io.appium.uiautomator2.server' is greater or equal to the application version name ('4.11.0' >= '4.11.0')
[debug] &amp#27;[35m[UiAutomator2]&amp#27;[39m io.appium.uiautomator2.server installation state: sameVersionInstalled
[debug] &amp#27;[35m[ADB]&amp#27;[39m Checking app cert for C:\Users\SARAVANAN R\AppData\Roaming\npm\node_modules\appium\node_modules\appium-uiautomator2-server\apks\appium-uiautomator2-server-v4.11.0.apk
&amp#27;[35m[ADB]&amp#27;[39m Using 'apksigner.jar' from 'C:\Users\SARAVANAN R\AppData\Local\Android\Sdk\build-tools\30.0.0\lib\apksigner.jar'
[debug] &amp#27;[35m[ADB]&amp#27;[39m Starting apksigner: 'C:\\Program Files\\Java\\jdk1.8.0_212\\bin\\java.exe' -Xmx1024M -Xss1m -jar 'C:\\Users\\SARAVANAN R\\AppData\\Local\\Android\\Sdk\\build-tools\\30.0.0\\lib\\apksigner.jar' verify --print-certs 'C:\\Users\\SARAVANAN R\\AppData\\Roaming\\npm\\node_modules\\appium\\node_modules\\appium-uiautomator2-server\\apks\\appium-uiautomator2-server-v4.11.0.apk'
&amp#27;[35m[ADB]&amp#27;[39m Cannot use apksigner tool for signature verification. Original error: Command ''C:\\Program Files\\Java\\jdk1.8.0_212\\bin\\java.exe' -Xmx1024M -Xss1m -jar 'C:\\Users\\SARAVANAN R\\AppData\\Local\\Android\\Sdk\\build-tools\\30.0.0\\lib\\apksigner.jar' verify --print-certs 'C:\\Users\\SARAVANAN R\\AppData\\Roaming\\npm\\node_modules\\appium\\node_modules\\appium-uiautomator2-server\\apks\\appium-uiautomator2-server-v4.11.0.apk'' exited with code 1
[debug] &amp#27;[35m[ADB]&amp#27;[39m Defaulting to verify.jar
[debug] &amp#27;[35m[ADB]&amp#27;[39m 'C:\Users\SARAVANAN R\AppData\Roaming\npm\node_modules\appium\node_modules\appium-uiautomator2-server\apks\appium-uiautomator2-server-v4.11.0.apk' is signed with the default certificate
[debug] &amp#27;[35m[ADB]&amp#27;[39m Getting install status for io.appium.uiautomator2.server.test
[debug] &amp#27;[35m[ADB]&amp#27;[39m Running 'C:\Users\SARAVANAN R\AppData\Local\Android\Sdk\platform-tools\adb.exe -P 5037 -s emulator-5554 shell dumpsys package io.appium.uiautomator2.server.test'
[debug] &amp#27;[35m[ADB]&amp#27;[39m 'io.appium.uiautomator2.server.test' is installed
[debug] &amp#27;[35m[ADB]&amp#27;[39m Checking app cert for C:\Users\SARAVANAN R\AppData\Roaming\npm\node_modules\appium\node_modules\appium-uiautomator2-server\apks\appium-uiautomator2-server-debug-androidTest.apk
[debug] &amp#27;[35m[ADB]&amp#27;[39m Starting apksigner: 'C:\\Program Files\\Java\\jdk1.8.0_212\\bin\\java.exe' -Xmx1024M -Xss1m -jar 'C:\\Users\\SARAVANAN R\\AppData\\Local\\Android\\Sdk\\build-tools\\30.0.0\\lib\\apksigner.jar' verify --print-certs 'C:\\Users\\SARAVANAN R\\AppData\\Roaming\\npm\\node_modules\\appium\\node_modules\\appium-uiautomator2-server\\apks\\appium-uiautomator2-server-debug-androidTest.apk'
&amp#27;[35m[ADB]&amp#27;[39m Cannot use apksigner tool for signature verification. Original error: Command ''C:\\Program Files\\Java\\jdk1.8.0_212\\bin\\java.exe' -Xmx1024M -Xss1m -jar 'C:\\Users\\SARAVANAN R\\AppData\\Local\\Android\\Sdk\\build-tools\\30.0.0\\lib\\apksigner.jar' verify --print-certs 'C:\\Users\\SARAVANAN R\\AppData\\Roaming\\npm\\node_modules\\appium\\node_modules\\appium-uiautomator2-server\\apks\\appium-uiautomator2-server-debug-androidTest.apk'' exited with code 1
[debug] &amp#27;[35m[ADB]&amp#27;[39m Defaulting to verify.jar
[debug] &amp#27;[35m[ADB]&amp#27;[39m 'C:\Users\SARAVANAN R\AppData\Roaming\npm\node_modules\appium\node_modules\appium-uiautomator2-server\apks\appium-uiautomator2-server-debug-androidTest.apk' is signed with the default certificate
&amp#27;[35m[UiAutomator2]&amp#27;[39m Server packages are not going to be (re)installed
[debug] &amp#27;[35m[UiAutomator2]&amp#27;[39m Waiting up to 30000ms for services to be available
[debug] &amp#27;[35m[ADB]&amp#27;[39m Running 'C:\Users\SARAVANAN R\AppData\Local\Android\Sdk\platform-tools\adb.exe -P 5037 -s emulator-5554 shell pm list instrumentation'
[debug] &amp#27;[35m[UiAutomator2]&amp#27;[39m Instrumentation target 'io.appium.uiautomator2.server.test/androidx.test.runner.AndroidJUnitRunner' is available
[debug] &amp#27;[35m[UiAutomator2]&amp#27;[39m No app capability. Assuming it is already on the device
[debug] &amp#27;[35m[ADB]&amp#27;[39m Getting install status for com.androidsample.generalstore
[debug] &amp#27;[35m[ADB]&amp#27;[39m Running 'C:\Users\SARAVANAN R\AppData\Local\Android\Sdk\platform-tools\adb.exe -P 5037 -s emulator-5554 shell dumpsys package com.androidsample.generalstore'
[debug] &amp#27;[35m[ADB]&amp#27;[39m 'com.androidsample.generalstore' is installed
[debug] &amp#27;[35m[ADB]&amp#27;[39m Running 'C:\Users\SARAVANAN R\AppData\Local\Android\Sdk\platform-tools\adb.exe -P 5037 -s emulator-5554 shell am force-stop com.androidsample.generalstore'
[debug] &amp#27;[35m[ADB]&amp#27;[39m Running 'C:\Users\SARAVANAN R\AppData\Local\Android\Sdk\platform-tools\adb.exe -P 5037 -s emulator-5554 shell pm clear com.androidsample.generalstore'
[debug] &amp#27;[35m[AndroidDriver]&amp#27;[39m Performed fast reset on the installed 'com.androidsample.generalstore' application (stop and clear)
[debug] &amp#27;[35m[UiAutomator2]&amp#27;[39m Performing shallow cleanup of automation leftovers
[debug] &amp#27;[35m[UiAutomator2]&amp#27;[39m The following obsolete sessions are still running: [null]
[debug] &amp#27;[35m[UiAutomator2]&amp#27;[39m Cleaning up the obsolete sessions
[debug] &amp#27;[35m[ADB]&amp#27;[39m Running 'C:\Users\SARAVANAN R\AppData\Local\Android\Sdk\platform-tools\adb.exe -P 5037 -s emulator-5554 shell am force-stop io.appium.uiautomator2.server.test'
&amp#27;[35m[UiAutomator2]&amp#27;[39m Starting UIAutomator2 server 4.11.0
&amp#27;[35m[UiAutomator2]&amp#27;[39m Using UIAutomator2 server from 'C:\Users\SARAVANAN R\AppData\Roaming\npm\node_modules\appium\node_modules\appium-uiautomator2-server\apks\appium-uiautomator2-server-v4.11.0.apk' and test from 'C:\Users\SARAVANAN R\AppData\Roaming\npm\node_modules\appium\node_modules\appium-uiautomator2-server\apks\appium-uiautomator2-server-debug-androidTest.apk'
&amp#27;[35m[UiAutomator2]&amp#27;[39m Waiting up to 30000ms for UiAutomator2 to be online...
[debug] &amp#27;[35m[ADB]&amp#27;[39m Creating ADB subprocess with args: ["-P",5037,"-s","emulator-5554","shell","am","instrument","-w","io.appium.uiautomator2.server.test/androidx.test.runner.AndroidJUnitRunner"]
[debug] &amp#27;[35m[WD Proxy]&amp#27;[39m Matched '/status' to command name 'getStatus'
[debug] &amp#27;[35m[WD Proxy]&amp#27;[39m Proxying [GET /status] to [GET http://127.0.0.1:8202/wd/hub/status] with no body
&amp#27;[35m[WD Proxy]&amp#27;[39m socket hang up
[debug] &amp#27;[35m[WD Proxy]&amp#27;[39m Matched '/status' to command name 'getStatus'
[debug] &amp#27;[35m[WD Proxy]&amp#27;[39m Proxying [GET /status] to [GET http://127.0.0.1:8202/wd/hub/status] with no body
&amp#27;[35m[WD Proxy]&amp#27;[39m socket hang up
[debug] &amp#27;[35m[Instrumentation]&amp#27;[39m io.appium.uiautomator2.server.test.AppiumUiAutomator2Server:
[debug] &amp#27;[35m[WD Proxy]&amp#27;[39m Matched '/status' to command name 'getStatus'
[debug] &amp#27;[35m[WD Proxy]&amp#27;[39m Proxying [GET /status] to [GET http://127.0.0.1:8202/wd/hub/status] with no body
&amp#27;[35m[WD Proxy]&amp#27;[39m socket hang up
[debug] &amp#27;[35m[WD Proxy]&amp#27;[39m Matched '/status' to command name 'getStatus'
[debug] &amp#27;[35m[WD Proxy]&amp#27;[39m Proxying [GET /status] to [GET http://127.0.0.1:8202/wd/hub/status] with no body
&amp#27;[35m[WD Proxy]&amp#27;[39m socket hang up
[debug] &amp#27;[35m[WD Proxy]&amp#27;[39m Matched '/status' to command name 'getStatus'
[debug] &amp#27;[35m[WD Proxy]&amp#27;[39m Proxying [GET /status] to [GET http://127.0.0.1:8202/wd/hub/status] with no body
[debug] &amp#27;[35m[WD Proxy]&amp#27;[39m Got response with status 200: {"sessionId":"None","value":{"message":"UiAutomator2 Server is ready to accept commands","ready":true}}
[debug] &amp#27;[35m[UiAutomator2]&amp#27;[39m The initialization of the instrumentation process took 5471ms
[debug] &amp#27;[35m[WD Proxy]&amp#27;[39m Matched '/session' to command name 'createSession'
[debug] &amp#27;[35m[WD Proxy]&amp#27;[39m Proxying [POST /session] to [POST http://127.0.0.1:8202/wd/hub/session] with body: {"capabilities":{"firstMatch":[{"platform":"LINUX","webStorageEnabled":false,"takesScreenshot":true,"javascriptEnabled":true,"databaseEnabled":false,"networkConnectionEnabled":true,"locationContextEnabled":false,"warnings":{},"desired":{"platformName":"android","MobileCapabilityType.PLATFORM_NAME":"MobilePlatform.ANDROID","appActivity":"com.androidsample.generalstore.SplashActivity","appPackage":"com.androidsample.generalstore","deviceName":"Sharon","newCommandTimeout":25},"platformName":"android","MobileCapabilityType.PLATFORM_NAME":"MobilePlatform.ANDROID","appActivity":"com.androidsample.generalstore.SplashActivity","appPackage":"com.androidsample.generalstore","deviceName":"emulator-5554","newCommandTimeout":25,"deviceUDID":"emulator-5554"}],"alwaysMatch":{}}}
[debug] &amp#27;[35m[WD Proxy]&amp#27;[39m Got response with status 200: {"sessionId":"98256aa8-9c6d-44a1-b15c-07ee27e9c201","value":{"capabilities":{"firstMatch":[{"platform":"LINUX","webStorageEnabled":false,"takesScreenshot":true,"javascriptEnabled":true,"databaseEnabled":false,"networkConnectionEnabled":true,"locationContextEnabled":false,"warnings":{},"desired":{"platformName":"android","MobileCapabilityType.PLATFORM_NAME":"MobilePlatform.ANDROID","appActivity":"com.androidsample.generalstore.SplashActivity","appPackage":"com.androidsample.generalstore","deviceName":"Sharon","newCommandTimeout":25},"platformName":"android","MobileCapabilityType.PLATFORM_NAME":"MobilePlatform.ANDROID","appActivity":"com.androidsample.generalstore.SplashActivity","appPackage":"com.androidsample.generalstore","deviceName":"emulator-5554","newCommandTimeout":25,"deviceUDID":"emulator-5554"}],"alwaysMatch":{}},"sessionId":"98256aa8-9c6d-44a1-b15c-07ee27e9c201"}}
&amp#27;[35m[WD Proxy]&amp#27;[39m Determined the downstream protocol as 'W3C'
[debug] &amp#27;[35m[WD Proxy]&amp#27;[39m Proxying [GET /appium/device/info] to [GET http://127.0.0.1:8202/wd/hub/session/98256aa8-9c6d-44a1-b15c-07ee27e9c201/appium/device/info] with no body
[debug] &amp#27;[35m[WD Proxy]&amp#27;[39m Got response with status 200: {"sessionId":"98256aa8-9c6d-44a1-b15c-07ee27e9c201","value":{"androidId":"fd5e9698e96c8a2a","apiVersion":"28","bluetooth":null,"brand":"google","carrierName":"Android","displayDensity":420,"locale":"en_US","manufacturer":"Google","model":"Android SDK built for x86","networks":[{"capabilities":{"SSID":null,"linkDownBandwidthKbps":1048576,"linkUpstreamBandwidthKbps":1048576,"networkCapabilities":"NET_CAPABILITY_NOT_METERED,NET_CAPABILITY_INTERNET,NET_CAPABILITY_NOT_RESTRICTED,NET_CAPABILITY_TRUSTED,NET_CAPABILITY_NOT_VPN,NET_CAPABILITY_VALIDATED,NET_CAPABILITY_NOT_ROAMING,NET_CAPABILITY_FOREGROUND,NET_CAPABILITY_NOT_CONGESTED,NET_CAPABILITY_NOT_SUSPENDED","signalStrength":-50,"transportTypes":"TRANSPORT_WIFI"},"detailedState":"CONNECTED","extraInfo":null,"isAvailable":true,"isConnected":true,"isFailover":false,"isRoaming":false,"state":"CONNECTED","subtype":0,"subtypeName":"","type":1,"typeName":"WIFI"},{"capabilities":{"SSID":null,"linkDownBandwidthKbps":102400,"linkUpstreamBandwidthKbps":51200,"networkCapa...
[debug] &amp#27;[35m[ADB]&amp#27;[39m Running 'C:\Users\SARAVANAN R\AppData\Local\Android\Sdk\platform-tools\adb.exe -P 5037 -s emulator-5554 shell dumpsys window'
&amp#27;[35m[AndroidDriver]&amp#27;[39m Screen already unlocked, doing nothing
&amp#27;[35m[UiAutomator2]&amp#27;[39m Starting 'com.androidsample.generalstore/com.androidsample.generalstore.SplashActivity and waiting for 'com.androidsample.generalstore/com.androidsample.generalstore.SplashActivity'
[debug] &amp#27;[35m[ADB]&amp#27;[39m Running 'C:\Users\SARAVANAN R\AppData\Local\Android\Sdk\platform-tools\adb.exe -P 5037 -s emulator-5554 shell am start -W -n com.androidsample.generalstore/com.androidsample.generalstore.SplashActivity -S -a android.intent.action.MAIN -c android.intent.category.LAUNCHER -f 0x10200000'
[debug] &amp#27;[35m[WD Proxy]&amp#27;[39m Proxying [GET /appium/device/pixel_ratio] to [GET http://127.0.0.1:8202/wd/hub/session/98256aa8-9c6d-44a1-b15c-07ee27e9c201/appium/device/pixel_ratio] with no body
[debug] &amp#27;[35m[WD Proxy]&amp#27;[39m Got response with status 200: {"sessionId":"98256aa8-9c6d-44a1-b15c-07ee27e9c201","value":2.625}
[debug] &amp#27;[35m[WD Proxy]&amp#27;[39m Matched '/appium/device/system_bars' to command name 'getSystemBars'
[debug] &amp#27;[35m[WD Proxy]&amp#27;[39m Proxying [GET /appium/device/system_bars] to [GET http://127.0.0.1:8202/wd/hub/session/98256aa8-9c6d-44a1-b15c-07ee27e9c201/appium/device/system_bars] with no body
[debug] &amp#27;[35m[WD Proxy]&amp#27;[39m Got response with status 200: {"sessionId":"98256aa8-9c6d-44a1-b15c-07ee27e9c201","value":{"statusBar":63}}
[debug] &amp#27;[35m[WD Proxy]&amp#27;[39m Matched '/window/current/size' to command name 'getWindowSize'
[debug] &amp#27;[35m[WD Proxy]&amp#27;[39m Proxying [GET /window/current/size] to [GET http://127.0.0.1:8202/wd/hub/session/98256aa8-9c6d-44a1-b15c-07ee27e9c201/window/current/size] with no body
[debug] &amp#27;[35m[WD Proxy]&amp#27;[39m Got response with status 200: {"sessionId":"98256aa8-9c6d-44a1-b15c-07ee27e9c201","value":{"height":1794,"width":1080}}
&amp#27;[35m[Appium]&amp#27;[39m New AndroidUiautomator2Driver session created successfully, session 6b1442da-a31d-44ce-a6ab-2da9d351a367 added to master session list
[debug] &amp#27;[35m[BaseDriver]&amp#27;[39m Event 'newSessionStarted' logged at 1596222780048 (00:43:00 GMT+0530 (India Standard Time))
[debug] &amp#27;[35m[W3C (6b1442da)]&amp#27;[39m Cached the protocol value 'W3C' for the new session 6b1442da-a31d-44ce-a6ab-2da9d351a367
[debug] &amp#27;[35m[W3C (6b1442da)]&amp#27;[39m Responding to client with driver.createSession() result: {"capabilities":{"platform":"LINUX","webStorageEnabled":false,"takesScreenshot":true,"javascriptEnabled":true,"databaseEnabled":false,"networkConnectionEnabled":true,"locationContextEnabled":false,"warnings":{},"desired":{"platformName":"android","MobileCapabilityType.PLATFORM_NAME":"MobilePlatform.ANDROID","appActivity":"com.androidsample.generalstore.SplashActivity","appPackage":"com.androidsample.generalstore","deviceName":"Sharon","newCommandTimeout":25},"platformName":"android","MobileCapabilityType.PLATFORM_NAME":"MobilePlatform.ANDROID","appActivity":"com.androidsample.generalstore.SplashActivity","appPackage":"com.androidsample.generalstore","deviceName":"emulator-5554","newCommandTimeout":25,"deviceUDID":"emulator-5554","deviceApiLevel":28,"platformVersion":"9","deviceScreenSize":"1080x1920","deviceScreenDensity":420,"deviceModel":"Android SDK built for x86","deviceManufacturer":"Google","pixelRatio":2.625,"statBarHeight":63,"viewportRect":{"left":0,"top":63,"width":1080,"height":1731}}}
&amp#27;[35m[HTTP]&amp#27;[39m &amp#27;[37m<-- POST /wd/hub/session &amp#27;[39m&amp#27;[32m200&amp#27;[39m &amp#27;[90m16948 ms - 1072&amp#27;[39m
&amp#27;[35m[HTTP]&amp#27;[39m &amp#27;[90m&amp#27;[39m
&amp#27;[35m[HTTP]&amp#27;[39m &amp#27;[37m-->&amp#27;[39m &amp#27;[37mPOST&amp#27;[39m &amp#27;[37m/wd/hub/session/6b1442da-a31d-44ce-a6ab-2da9d351a367/timeouts&amp#27;[39m
&amp#27;[35m[HTTP]&amp#27;[39m &amp#27;[90m{"implicit":10000}&amp#27;[39m
[debug] &amp#27;[35m[W3C (6b1442da)]&amp#27;[39m Calling AppiumDriver.timeouts() with args: [null,null,null,null,10000,"6b1442da-a31d-44ce-a6ab-2da9d351a367"]
[debug] &amp#27;[35m[BaseDriver]&amp#27;[39m W3C timeout argument: {"implicit":10000}}
[debug] &amp#27;[35m[BaseDriver]&amp#27;[39m Set implicit wait to 10000ms
[debug] &amp#27;[35m[W3C (6b1442da)]&amp#27;[39m Responding to client with driver.timeouts() result: null
&amp#27;[35m[HTTP]&amp#27;[39m &amp#27;[37m<-- POST /wd/hub/session/6b1442da-a31d-44ce-a6ab-2da9d351a367/timeouts &amp#27;[39m&amp#27;[32m200&amp#27;[39m &amp#27;[90m12 ms - 14&amp#27;[39m
&amp#27;[35m[HTTP]&amp#27;[39m &amp#27;[90m&amp#27;[39m
&amp#27;[35m[HTTP]&amp#27;[39m &amp#27;[37m-->&amp#27;[39m &amp#27;[37mGET&amp#27;[39m &amp#27;[37m/wd/hub/session/6b1442da-a31d-44ce-a6ab-2da9d351a367/context&amp#27;[39m
&amp#27;[35m[HTTP]&amp#27;[39m &amp#27;[90m{}&amp#27;[39m
[debug] &amp#27;[35m[W3C (6b1442da)]&amp#27;[39m Calling AppiumDriver.getCurrentContext() with args: ["6b1442da-a31d-44ce-a6ab-2da9d351a367"]
[debug] &amp#27;[35m[W3C (6b1442da)]&amp#27;[39m Responding to client with driver.getCurrentContext() result: "NATIVE_APP"
&amp#27;[35m[HTTP]&amp#27;[39m &amp#27;[37m<-- GET /wd/hub/session/6b1442da-a31d-44ce-a6ab-2da9d351a367/context &amp#27;[39m&amp#27;[32m200&amp#27;[39m &amp#27;[90m18 ms - 22&amp#27;[39m
&amp#27;[35m[HTTP]&amp#27;[39m &amp#27;[90m&amp#27;[39m
&amp#27;[35m[HTTP]&amp#27;[39m &amp#27;[37m-->&amp#27;[39m &amp#27;[37mPOST&amp#27;[39m &amp#27;[37m/wd/hub/session/6b1442da-a31d-44ce-a6ab-2da9d351a367/element&amp#27;[39m
&amp#27;[35m[HTTP]&amp#27;[39m &amp#27;[90m{"using":"id","value":"android:id/text1"}&amp#27;[39m
[debug] &amp#27;[35m[W3C (6b1442da)]&amp#27;[39m Calling AppiumDriver.findElement() with args: ["id","android:id/text1","6b1442da-a31d-44ce-a6ab-2da9d351a367"]
[debug] &amp#27;[35m[BaseDriver]&amp#27;[39m Valid locator strategies for this request: xpath, id, class name, accessibility id, -android uiautomator
[debug] &amp#27;[35m[BaseDriver]&amp#27;[39m Waiting up to 10000 ms for condition
[debug] &amp#27;[35m[WD Proxy]&amp#27;[39m Matched '/element' to command name 'findElement'
[debug] &amp#27;[35m[WD Proxy]&amp#27;[39m Proxying [POST /element] to [POST http://127.0.0.1:8202/wd/hub/session/98256aa8-9c6d-44a1-b15c-07ee27e9c201/element] with body: {"strategy":"id","selector":"android:id/text1","context":"","multiple":false}
&amp#27;[35m[WD Proxy]&amp#27;[39m Got response with status 404: {"sessionId":"98256aa8-9c6d-44a1-b15c-07ee27e9c201","value":{"error":"no such element","message":"An element could not be located on the page using the given search parameters","stacktrace":"io.appium.uiautomator2.common.exceptions.ElementNotFoundException: An element could not be located on the page using the given search parameters\n\tat io.appium.uiautomator2.handler.FindElement.safeHandle(FindElement.java:73)\n\tat io.appium.uiautomator2.handler.request.SafeRequestHandler.handle(SafeRequestHandler.java:41)\n\tat io.appium.uiautomator2.server.AppiumServlet.handleRequest(AppiumServlet.java:257)\n\tat io.appium.uiautomator2.server.AppiumServlet.handleHttpRequest(AppiumServlet.java:247)\n\tat io.appium.uiautomator2.http.ServerHandler.channelRead(ServerHandler.java:50)\n\tat io.netty.channel.AbstractChannelHandlerContext.invokeChannelRead(AbstractChannelHandlerContext.java:366)\n\tat io.netty.channel.AbstractChannelHandlerContext.invokeChannelRead(AbstractChannelHandlerContext.java:352)\n\tat io.netty.chann...
[debug] &amp#27;[35m[W3C]&amp#27;[39m Matched W3C error code 'no such element' to NoSuchElementError
[debug] &amp#27;[35m[BaseDriver]&amp#27;[39m Waited for 157 ms so far
[debug] &amp#27;[35m[WD Proxy]&amp#27;[39m Matched '/element' to command name 'findElement'
[debug] &amp#27;[35m[WD Proxy]&amp#27;[39m Proxying [POST /element] to [POST http://127.0.0.1:8202/wd/hub/session/98256aa8-9c6d-44a1-b15c-07ee27e9c201/element] with body: {"strategy":"id","selector":"android:id/text1","context":"","multiple":false}
&amp#27;[35m[WD Proxy]&amp#27;[39m Got response with status 404: {"sessionId":"98256aa8-9c6d-44a1-b15c-07ee27e9c201","value":{"error":"no such element","message":"An element could not be located on the page using the given search parameters","stacktrace":"io.appium.uiautomator2.common.exceptions.ElementNotFoundException: An element could not be located on the page using the given search parameters\n\tat io.appium.uiautomator2.handler.FindElement.safeHandle(FindElement.java:73)\n\tat io.appium.uiautomator2.handler.request.SafeRequestHandler.handle(SafeRequestHandler.java:41)\n\tat io.appium.uiautomator2.server.AppiumServlet.handleRequest(AppiumServlet.java:257)\n\tat io.appium.uiautomator2.server.AppiumServlet.handleHttpRequest(AppiumServlet.java:247)\n\tat io.appium.uiautomator2.http.ServerHandler.channelRead(ServerHandler.java:50)\n\tat io.netty.channel.AbstractChannelHandlerContext.invokeChannelRead(AbstractChannelHandlerContext.java:366)\n\tat io.netty.channel.AbstractChannelHandlerContext.invokeChannelRead(AbstractChannelHandlerContext.java:352)\n\tat io.netty.chann...
[debug] &amp#27;[35m[W3C]&amp#27;[39m Matched W3C error code 'no such element' to NoSuchElementError
[debug] &amp#27;[35m[BaseDriver]&amp#27;[39m Waited for 762 ms so far
[debug] &amp#27;[35m[WD Proxy]&amp#27;[39m Matched '/element' to command name 'findElement'
[debug] &amp#27;[35m[WD Proxy]&amp#27;[39m Proxying [POST /element] to [POST http://127.0.0.1:8202/wd/hub/session/98256aa8-9c6d-44a1-b15c-07ee27e9c201/element] with body: {"strategy":"id","selector":"android:id/text1","context":"","multiple":false}
&amp#27;[35m[WD Proxy]&amp#27;[39m Got response with status 404: {"sessionId":"98256aa8-9c6d-44a1-b15c-07ee27e9c201","value":{"error":"no such element","message":"An element could not be located on the page using the given search parameters","stacktrace":"io.appium.uiautomator2.common.exceptions.ElementNotFoundException: An element could not be located on the page using the given search parameters\n\tat io.appium.uiautomator2.handler.FindElement.safeHandle(FindElement.java:73)\n\tat io.appium.uiautomator2.handler.request.SafeRequestHandler.handle(SafeRequestHandler.java:41)\n\tat io.appium.uiautomator2.server.AppiumServlet.handleRequest(AppiumServlet.java:257)\n\tat io.appium.uiautomator2.server.AppiumServlet.handleHttpRequest(AppiumServlet.java:247)\n\tat io.appium.uiautomator2.http.ServerHandler.channelRead(ServerHandler.java:50)\n\tat io.netty.channel.AbstractChannelHandlerContext.invokeChannelRead(AbstractChannelHandlerContext.java:366)\n\tat io.netty.channel.AbstractChannelHandlerContext.invokeChannelRead(AbstractChannelHandlerContext.java:352)\n\tat io.netty.chann...
[debug] &amp#27;[35m[W3C]&amp#27;[39m Matched W3C error code 'no such element' to NoSuchElementError
[debug] &amp#27;[35m[BaseDriver]&amp#27;[39m Waited for 1422 ms so far
[debug] &amp#27;[35m[WD Proxy]&amp#27;[39m Matched '/element' to command name 'findElement'
[debug] &amp#27;[35m[WD Proxy]&amp#27;[39m Proxying [POST /element] to [POST http://127.0.0.1:8202/wd/hub/session/98256aa8-9c6d-44a1-b15c-07ee27e9c201/element] with body: {"strategy":"id","selector":"android:id/text1","context":"","multiple":false}
&amp#27;[35m[WD Proxy]&amp#27;[39m Got response with status 404: {"sessionId":"98256aa8-9c6d-44a1-b15c-07ee27e9c201","value":{"error":"no such element","message":"An element could not be located on the page using the given search parameters","stacktrace":"io.appium.uiautomator2.common.exceptions.ElementNotFoundException: An element could not be located on the page using the given search parameters\n\tat io.appium.uiautomator2.handler.FindElement.safeHandle(FindElement.java:73)\n\tat io.appium.uiautomator2.handler.request.SafeRequestHandler.handle(SafeRequestHandler.java:41)\n\tat io.appium.uiautomator2.server.AppiumServlet.handleRequest(AppiumServlet.java:257)\n\tat io.appium.uiautomator2.server.AppiumServlet.handleHttpRequest(AppiumServlet.java:247)\n\tat io.appium.uiautomator2.http.ServerHandler.channelRead(ServerHandler.java:50)\n\tat io.netty.channel.AbstractChannelHandlerContext.invokeChannelRead(AbstractChannelHandlerContext.java:366)\n\tat io.netty.channel.AbstractChannelHandlerContext.invokeChannelRead(AbstractChannelHandlerContext.java:352)\n\tat io.netty.chann...
[debug] &amp#27;[35m[W3C]&amp#27;[39m Matched W3C error code 'no such element' to NoSuchElementError
[debug] &amp#27;[35m[BaseDriver]&amp#27;[39m Waited for 2095 ms so far
[debug] &amp#27;[35m[WD Proxy]&amp#27;[39m Matched '/element' to command name 'findElement'
[debug] &amp#27;[35m[WD Proxy]&amp#27;[39m Proxying [POST /element] to [POST http://127.0.0.1:8202/wd/hub/session/98256aa8-9c6d-44a1-b15c-07ee27e9c201/element] with body: {"strategy":"id","selector":"android:id/text1","context":"","multiple":false}
[debug] &amp#27;[35m[WD Proxy]&amp#27;[39m Got response with status 200: {"sessionId":"98256aa8-9c6d-44a1-b15c-07ee27e9c201","value":{"ELEMENT":"bf490444-4aba-4303-ae60-6e718e5c2a66","element-6066-11e4-a52e-4f735466cecf":"bf490444-4aba-4303-ae60-6e718e5c2a66"}}
[debug] &amp#27;[35m[W3C (6b1442da)]&amp#27;[39m Responding to client with driver.findElement() result: {"element-6066-11e4-a52e-4f735466cecf":"bf490444-4aba-4303-ae60-6e718e5c2a66","ELEMENT":"bf490444-4aba-4303-ae60-6e718e5c2a66"}
&amp#27;[35m[HTTP]&amp#27;[39m &amp#27;[37m<-- POST /wd/hub/session/6b1442da-a31d-44ce-a6ab-2da9d351a367/element &amp#27;[39m&amp#27;[32m200&amp#27;[39m &amp#27;[90m3633 ms - 137&amp#27;[39m
&amp#27;[35m[HTTP]&amp#27;[39m &amp#27;[90m&amp#27;[39m
&amp#27;[35m[HTTP]&amp#27;[39m &amp#27;[37m-->&amp#27;[39m &amp#27;[37mPOST&amp#27;[39m &amp#27;[37m/wd/hub/session/6b1442da-a31d-44ce-a6ab-2da9d351a367/element/bf490444-4aba-4303-ae60-6e718e5c2a66/click&amp#27;[39m
&amp#27;[35m[HTTP]&amp#27;[39m &amp#27;[90m{"id":"bf490444-4aba-4303-ae60-6e718e5c2a66"}&amp#27;[39m
[debug] &amp#27;[35m[W3C (6b1442da)]&amp#27;[39m Calling AppiumDriver.click() with args: ["bf490444-4aba-4303-ae60-6e718e5c2a66","6b1442da-a31d-44ce-a6ab-2da9d351a367"]
[debug] &amp#27;[35m[WD Proxy]&amp#27;[39m Matched '/element/bf490444-4aba-4303-ae60-6e718e5c2a66/click' to command name 'click'
[debug] &amp#27;[35m[WD Proxy]&amp#27;[39m Proxying [POST /element/bf490444-4aba-4303-ae60-6e718e5c2a66/click] to [POST http://127.0.0.1:8202/wd/hub/session/98256aa8-9c6d-44a1-b15c-07ee27e9c201/element/bf490444-4aba-4303-ae60-6e718e5c2a66/click] with body: {"element":"bf490444-4aba-4303-ae60-6e718e5c2a66"}
[debug] &amp#27;[35m[WD Proxy]&amp#27;[39m Got response with status 200: {"sessionId":"98256aa8-9c6d-44a1-b15c-07ee27e9c201","value":null}
[debug] &amp#27;[35m[W3C (6b1442da)]&amp#27;[39m Responding to client with driver.click() result: null
&amp#27;[35m[HTTP]&amp#27;[39m &amp#27;[37m<-- POST /wd/hub/session/6b1442da-a31d-44ce-a6ab-2da9d351a367/element/bf490444-4aba-4303-ae60-6e718e5c2a66/click &amp#27;[39m&amp#27;[32m200&amp#27;[39m &amp#27;[90m118 ms - 14&amp#27;[39m
&amp#27;[35m[HTTP]&amp#27;[39m &amp#27;[90m&amp#27;[39m
&amp#27;[35m[HTTP]&amp#27;[39m &amp#27;[37m-->&amp#27;[39m &amp#27;[37mPOST&amp#27;[39m &amp#27;[37m/wd/hub/session/6b1442da-a31d-44ce-a6ab-2da9d351a367/element&amp#27;[39m
&amp#27;[35m[HTTP]&amp#27;[39m &amp#27;[90m{"using":"-android uiautomator","value":"new UiScrollable(new UiSelector()).scrollIntoView(text(\"Australia\"));"}&amp#27;[39m
[debug] &amp#27;[35m[W3C (6b1442da)]&amp#27;[39m Calling AppiumDriver.findElement() with args: ["-android uiautomator","new UiScrollable(new UiSelector()).scrollIntoView(text(\"Australia\"));","6b1442da-a31d-44ce-a6ab-2da9d351a367"]
[debug] &amp#27;[35m[BaseDriver]&amp#27;[39m Valid locator strategies for this request: xpath, id, class name, accessibility id, -android uiautomator
[debug] &amp#27;[35m[BaseDriver]&amp#27;[39m Waiting up to 10000 ms for condition
[debug] &amp#27;[35m[WD Proxy]&amp#27;[39m Matched '/element' to command name 'findElement'
[debug] &amp#27;[35m[WD Proxy]&amp#27;[39m Proxying [POST /element] to [POST http://127.0.0.1:8202/wd/hub/session/98256aa8-9c6d-44a1-b15c-07ee27e9c201/element] with body: {"strategy":"-android uiautomator","selector":"new UiScrollable(new UiSelector()).scrollIntoView(text(\"Australia\"));","context":"","multiple":false}
[debug] &amp#27;[35m[WD Proxy]&amp#27;[39m Got response with status 200: {"sessionId":"98256aa8-9c6d-44a1-b15c-07ee27e9c201","value":{"ELEMENT":"31027c6d-14ad-479c-ac36-0e7cbd0291bc","element-6066-11e4-a52e-4f735466cecf":"31027c6d-14ad-479c-ac36-0e7cbd0291bc"}}
[debug] &amp#27;[35m[W3C (6b1442da)]&amp#27;[39m Responding to client with driver.findElement() result: {"element-6066-11e4-a52e-4f735466cecf":"31027c6d-14ad-479c-ac36-0e7cbd0291bc","ELEMENT":"31027c6d-14ad-479c-ac36-0e7cbd0291bc"}
&amp#27;[35m[HTTP]&amp#27;[39m &amp#27;[37m<-- POST /wd/hub/session/6b1442da-a31d-44ce-a6ab-2da9d351a367/element &amp#27;[39m&amp#27;[32m200&amp#27;[39m &amp#27;[90m5749 ms - 137&amp#27;[39m
&amp#27;[35m[HTTP]&amp#27;[39m &amp#27;[90m&amp#27;[39m
&amp#27;[35m[HTTP]&amp#27;[39m &amp#27;[37m-->&amp#27;[39m &amp#27;[37mGET&amp#27;[39m &amp#27;[37m/wd/hub/session/6b1442da-a31d-44ce-a6ab-2da9d351a367/context&amp#27;[39m
&amp#27;[35m[HTTP]&amp#27;[39m &amp#27;[90m{}&amp#27;[39m
[debug] &amp#27;[35m[W3C (6b1442da)]&amp#27;[39m Calling AppiumDriver.getCurrentContext() with args: ["6b1442da-a31d-44ce-a6ab-2da9d351a367"]
[debug] &amp#27;[35m[W3C (6b1442da)]&amp#27;[39m Responding to client with driver.getCurrentContext() result: "NATIVE_APP"
&amp#27;[35m[HTTP]&amp#27;[39m &amp#27;[37m<-- GET /wd/hub/session/6b1442da-a31d-44ce-a6ab-2da9d351a367/context &amp#27;[39m&amp#27;[32m200&amp#27;[39m &amp#27;[90m3 ms - 22&amp#27;[39m
&amp#27;[35m[HTTP]&amp#27;[39m &amp#27;[90m&amp#27;[39m
&amp#27;[35m[HTTP]&amp#27;[39m &amp#27;[37m-->&amp#27;[39m &amp#27;[37mPOST&amp#27;[39m &amp#27;[37m/wd/hub/session/6b1442da-a31d-44ce-a6ab-2da9d351a367/element&amp#27;[39m
&amp#27;[35m[HTTP]&amp#27;[39m &amp#27;[90m{"using":"xpath","value":"//android.widget.TextView[@text='Australia']"}&amp#27;[39m
[debug] &amp#27;[35m[W3C (6b1442da)]&amp#27;[39m Calling AppiumDriver.findElement() with args: ["xpath","//android.widget.TextView[@text='Australia']","6b1442da-a31d-44ce-a6ab-2da9d351a367"]
[debug] &amp#27;[35m[BaseDriver]&amp#27;[39m Valid locator strategies for this request: xpath, id, class name, accessibility id, -android uiautomator
[debug] &amp#27;[35m[BaseDriver]&amp#27;[39m Waiting up to 10000 ms for condition
[debug] &amp#27;[35m[WD Proxy]&amp#27;[39m Matched '/element' to command name 'findElement'
[debug] &amp#27;[35m[WD Proxy]&amp#27;[39m Proxying [POST /element] to [POST http://127.0.0.1:8202/wd/hub/session/98256aa8-9c6d-44a1-b15c-07ee27e9c201/element] with body: {"strategy":"xpath","selector":"//android.widget.TextView[@text='Australia']","context":"","multiple":false}
[debug] &amp#27;[35m[WD Proxy]&amp#27;[39m Got response with status 200: {"sessionId":"98256aa8-9c6d-44a1-b15c-07ee27e9c201","value":{"ELEMENT":"94a41481-630a-4e8a-92d3-9636078dc4ac","element-6066-11e4-a52e-4f735466cecf":"94a41481-630a-4e8a-92d3-9636078dc4ac"}}
[debug] &amp#27;[35m[W3C (6b1442da)]&amp#27;[39m Responding to client with driver.findElement() result: {"element-6066-11e4-a52e-4f735466cecf":"94a41481-630a-4e8a-92d3-9636078dc4ac","ELEMENT":"94a41481-630a-4e8a-92d3-9636078dc4ac"}
&amp#27;[35m[HTTP]&amp#27;[39m &amp#27;[37m<-- POST /wd/hub/session/6b1442da-a31d-44ce-a6ab-2da9d351a367/element &amp#27;[39m&amp#27;[32m200&amp#27;[39m &amp#27;[90m286 ms - 137&amp#27;[39m
&amp#27;[35m[HTTP]&amp#27;[39m &amp#27;[90m&amp#27;[39m
&amp#27;[35m[HTTP]&amp#27;[39m &amp#27;[37m-->&amp#27;[39m &amp#27;[37mPOST&amp#27;[39m &amp#27;[37m/wd/hub/session/6b1442da-a31d-44ce-a6ab-2da9d351a367/element/94a41481-630a-4e8a-92d3-9636078dc4ac/click&amp#27;[39m
&amp#27;[35m[HTTP]&amp#27;[39m &amp#27;[90m{"id":"94a41481-630a-4e8a-92d3-9636078dc4ac"}&amp#27;[39m
[debug] &amp#27;[35m[W3C (6b1442da)]&amp#27;[39m Calling AppiumDriver.click() with args: ["94a41481-630a-4e8a-92d3-9636078dc4ac","6b1442da-a31d-44ce-a6ab-2da9d351a367"]
[debug] &amp#27;[35m[WD Proxy]&amp#27;[39m Matched '/element/94a41481-630a-4e8a-92d3-9636078dc4ac/click' to command name 'click'
[debug] &amp#27;[35m[WD Proxy]&amp#27;[39m Proxying [POST /element/94a41481-630a-4e8a-92d3-9636078dc4ac/click] to [POST http://127.0.0.1:8202/wd/hub/session/98256aa8-9c6d-44a1-b15c-07ee27e9c201/element/94a41481-630a-4e8a-92d3-9636078dc4ac/click] with body: {"element":"94a41481-630a-4e8a-92d3-9636078dc4ac"}
[debug] &amp#27;[35m[WD Proxy]&amp#27;[39m Got response with status 200: {"sessionId":"98256aa8-9c6d-44a1-b15c-07ee27e9c201","value":null}
[debug] &amp#27;[35m[W3C (6b1442da)]&amp#27;[39m Responding to client with driver.click() result: null
&amp#27;[35m[HTTP]&amp#27;[39m &amp#27;[37m<-- POST /wd/hub/session/6b1442da-a31d-44ce-a6ab-2da9d351a367/element/94a41481-630a-4e8a-92d3-9636078dc4ac/click &amp#27;[39m&amp#27;[32m200&amp#27;[39m &amp#27;[90m721 ms - 14&amp#27;[39m
&amp#27;[35m[HTTP]&amp#27;[39m &amp#27;[90m&amp#27;[39m
&amp#27;[35m[HTTP]&amp#27;[39m &amp#27;[37m-->&amp#27;[39m &amp#27;[37mGET&amp#27;[39m &amp#27;[37m/wd/hub/session/6b1442da-a31d-44ce-a6ab-2da9d351a367/context&amp#27;[39m
&amp#27;[35m[HTTP]&amp#27;[39m &amp#27;[90m{}&amp#27;[39m
[debug] &amp#27;[35m[W3C (6b1442da)]&amp#27;[39m Calling AppiumDriver.getCurrentContext() with args: ["6b1442da-a31d-44ce-a6ab-2da9d351a367"]
[debug] &amp#27;[35m[W3C (6b1442da)]&amp#27;[39m Responding to client with driver.getCurrentContext() result: "NATIVE_APP"
&amp#27;[35m[HTTP]&amp#27;[39m &amp#27;[37m<-- GET /wd/hub/session/6b1442da-a31d-44ce-a6ab-2da9d351a367/context &amp#27;[39m&amp#27;[32m200&amp#27;[39m &amp#27;[90m5 ms - 22&amp#27;[39m
&amp#27;[35m[HTTP]&amp#27;[39m &amp#27;[90m&amp#27;[39m
&amp#27;[35m[HTTP]&amp#27;[39m &amp#27;[37m-->&amp#27;[39m &amp#27;[37mPOST&amp#27;[39m &amp#27;[37m/wd/hub/session/6b1442da-a31d-44ce-a6ab-2da9d351a367/element&amp#27;[39m
&amp#27;[35m[HTTP]&amp#27;[39m &amp#27;[90m{"using":"id","value":"com.androidsample.generalstore:id/nameField"}&amp#27;[39m
[debug] &amp#27;[35m[W3C (6b1442da)]&amp#27;[39m Calling AppiumDriver.findElement() with args: ["id","com.androidsample.generalstore:id/nameField","6b1442da-a31d-44ce-a6ab-2da9d351a367"]
[debug] &amp#27;[35m[BaseDriver]&amp#27;[39m Valid locator strategies for this request: xpath, id, class name, accessibility id, -android uiautomator
[debug] &amp#27;[35m[BaseDriver]&amp#27;[39m Waiting up to 10000 ms for condition
[debug] &amp#27;[35m[WD Proxy]&amp#27;[39m Matched '/element' to command name 'findElement'
[debug] &amp#27;[35m[WD Proxy]&amp#27;[39m Proxying [POST /element] to [POST http://127.0.0.1:8202/wd/hub/session/98256aa8-9c6d-44a1-b15c-07ee27e9c201/element] with body: {"strategy":"id","selector":"com.androidsample.generalstore:id/nameField","context":"","multiple":false}
[debug] &amp#27;[35m[WD Proxy]&amp#27;[39m Got response with status 200: {"sessionId":"98256aa8-9c6d-44a1-b15c-07ee27e9c201","value":{"ELEMENT":"9bcf63a3-9e25-4a22-8083-bad1955b431a","element-6066-11e4-a52e-4f735466cecf":"9bcf63a3-9e25-4a22-8083-bad1955b431a"}}
[debug] &amp#27;[35m[W3C (6b1442da)]&amp#27;[39m Responding to client with driver.findElement() result: {"element-6066-11e4-a52e-4f735466cecf":"9bcf63a3-9e25-4a22-8083-bad1955b431a","ELEMENT":"9bcf63a3-9e25-4a22-8083-bad1955b431a"}
&amp#27;[35m[HTTP]&amp#27;[39m &amp#27;[37m<-- POST /wd/hub/session/6b1442da-a31d-44ce-a6ab-2da9d351a367/element &amp#27;[39m&amp#27;[32m200&amp#27;[39m &amp#27;[90m157 ms - 137&amp#27;[39m
&amp#27;[35m[HTTP]&amp#27;[39m &amp#27;[90m&amp#27;[39m
&amp#27;[35m[HTTP]&amp#27;[39m &amp#27;[37m-->&amp#27;[39m &amp#27;[37mPOST&amp#27;[39m &amp#27;[37m/wd/hub/session/6b1442da-a31d-44ce-a6ab-2da9d351a367/element/9bcf63a3-9e25-4a22-8083-bad1955b431a/value&amp#27;[39m
&amp#27;[35m[HTTP]&amp#27;[39m &amp#27;[90m{"id":"9bcf63a3-9e25-4a22-8083-bad1955b431a","text":"Sharon","value":["S","h","a","r","o","n"]}&amp#27;[39m
[debug] &amp#27;[35m[W3C (6b1442da)]&amp#27;[39m Calling AppiumDriver.setValue() with args: [["S","h","a","r","o","n"],"9bcf63a3-9e25-4a22-8083-bad1955b431a","6b1442da-a31d-44ce-a6ab-2da9d351a367"]
[debug] &amp#27;[35m[WD Proxy]&amp#27;[39m Matched '/element/9bcf63a3-9e25-4a22-8083-bad1955b431a/value' to command name 'setValue'
[debug] &amp#27;[35m[Protocol Converter]&amp#27;[39m Added 'value' property ["S","h","a","r","o","n"] to 'setValue' request body
[debug] &amp#27;[35m[WD Proxy]&amp#27;[39m Proxying [POST /element/9bcf63a3-9e25-4a22-8083-bad1955b431a/value] to [POST http://127.0.0.1:8202/wd/hub/session/98256aa8-9c6d-44a1-b15c-07ee27e9c201/element/9bcf63a3-9e25-4a22-8083-bad1955b431a/value] with body: {"elementId":"9bcf63a3-9e25-4a22-8083-bad1955b431a","text":"Sharon","replace":false,"value":["S","h","a","r","o","n"]}
[debug] &amp#27;[35m[WD Proxy]&amp#27;[39m Got response with status 200: {"sessionId":"98256aa8-9c6d-44a1-b15c-07ee27e9c201","value":null}
[debug] &amp#27;[35m[W3C (6b1442da)]&amp#27;[39m Responding to client with driver.setValue() result: null
&amp#27;[35m[HTTP]&amp#27;[39m &amp#27;[37m<-- POST /wd/hub/session/6b1442da-a31d-44ce-a6ab-2da9d351a367/element/9bcf63a3-9e25-4a22-8083-bad1955b431a/value &amp#27;[39m&amp#27;[32m200&amp#27;[39m &amp#27;[90m682 ms - 14&amp#27;[39m
&amp#27;[35m[HTTP]&amp#27;[39m &amp#27;[90m&amp#27;[39m
&amp#27;[35m[HTTP]&amp#27;[39m &amp#27;[37m-->&amp#27;[39m &amp#27;[37mGET&amp#27;[39m &amp#27;[37m/wd/hub/session/6b1442da-a31d-44ce-a6ab-2da9d351a367/context&amp#27;[39m
&amp#27;[35m[HTTP]&amp#27;[39m &amp#27;[90m{}&amp#27;[39m
[debug] &amp#27;[35m[W3C (6b1442da)]&amp#27;[39m Calling AppiumDriver.getCurrentContext() with args: ["6b1442da-a31d-44ce-a6ab-2da9d351a367"]
[debug] &amp#27;[35m[W3C (6b1442da)]&amp#27;[39m Responding to client with driver.getCurrentContext() result: "NATIVE_APP"
&amp#27;[35m[HTTP]&amp#27;[39m &amp#27;[37m<-- GET /wd/hub/session/6b1442da-a31d-44ce-a6ab-2da9d351a367/context &amp#27;[39m&amp#27;[32m200&amp#27;[39m &amp#27;[90m6 ms - 22&amp#27;[39m
&amp#27;[35m[HTTP]&amp#27;[39m &amp#27;[90m&amp#27;[39m
&amp#27;[35m[HTTP]&amp#27;[39m &amp#27;[37m-->&amp#27;[39m &amp#27;[37mPOST&amp#27;[39m &amp#27;[37m/wd/hub/session/6b1442da-a31d-44ce-a6ab-2da9d351a367/element&amp#27;[39m
&amp#27;[35m[HTTP]&amp#27;[39m &amp#27;[90m{"using":"id","value":"com.androidsample.generalstore:id/radioFemale"}&amp#27;[39m
[debug] &amp#27;[35m[W3C (6b1442da)]&amp#27;[39m Calling AppiumDriver.findElement() with args: ["id","com.androidsample.generalstore:id/radioFemale","6b1442da-a31d-44ce-a6ab-2da9d351a367"]
[debug] &amp#27;[35m[BaseDriver]&amp#27;[39m Valid locator strategies for this request: xpath, id, class name, accessibility id, -android uiautomator
[debug] &amp#27;[35m[BaseDriver]&amp#27;[39m Waiting up to 10000 ms for condition
[debug] &amp#27;[35m[WD Proxy]&amp#27;[39m Matched '/element' to command name 'findElement'
[debug] &amp#27;[35m[WD Proxy]&amp#27;[39m Proxying [POST /element] to [POST http://127.0.0.1:8202/wd/hub/session/98256aa8-9c6d-44a1-b15c-07ee27e9c201/element] with body: {"strategy":"id","selector":"com.androidsample.generalstore:id/radioFemale","context":"","multiple":false}
[debug] &amp#27;[35m[WD Proxy]&amp#27;[39m Got response with status 200: {"sessionId":"98256aa8-9c6d-44a1-b15c-07ee27e9c201","value":{"ELEMENT":"6499cd46-75f0-4e8d-a9ef-27a6bb57fb37","element-6066-11e4-a52e-4f735466cecf":"6499cd46-75f0-4e8d-a9ef-27a6bb57fb37"}}
[debug] &amp#27;[35m[W3C (6b1442da)]&amp#27;[39m Responding to client with driver.findElement() result: {"element-6066-11e4-a52e-4f735466cecf":"6499cd46-75f0-4e8d-a9ef-27a6bb57fb37","ELEMENT":"6499cd46-75f0-4e8d-a9ef-27a6bb57fb37"}
&amp#27;[35m[HTTP]&amp#27;[39m &amp#27;[37m<-- POST /wd/hub/session/6b1442da-a31d-44ce-a6ab-2da9d351a367/element &amp#27;[39m&amp#27;[32m200&amp#27;[39m &amp#27;[90m505 ms - 137&amp#27;[39m
&amp#27;[35m[HTTP]&amp#27;[39m &amp#27;[90m&amp#27;[39m
&amp#27;[35m[HTTP]&amp#27;[39m &amp#27;[37m-->&amp#27;[39m &amp#27;[37mPOST&amp#27;[39m &amp#27;[37m/wd/hub/session/6b1442da-a31d-44ce-a6ab-2da9d351a367/element/6499cd46-75f0-4e8d-a9ef-27a6bb57fb37/click&amp#27;[39m
&amp#27;[35m[HTTP]&amp#27;[39m &amp#27;[90m{"id":"6499cd46-75f0-4e8d-a9ef-27a6bb57fb37"}&amp#27;[39m
[debug] &amp#27;[35m[W3C (6b1442da)]&amp#27;[39m Calling AppiumDriver.click() with args: ["6499cd46-75f0-4e8d-a9ef-27a6bb57fb37","6b1442da-a31d-44ce-a6ab-2da9d351a367"]
[debug] &amp#27;[35m[WD Proxy]&amp#27;[39m Matched '/element/6499cd46-75f0-4e8d-a9ef-27a6bb57fb37/click' to command name 'click'
[debug] &amp#27;[35m[WD Proxy]&amp#27;[39m Proxying [POST /element/6499cd46-75f0-4e8d-a9ef-27a6bb57fb37/click] to [POST http://127.0.0.1:8202/wd/hub/session/98256aa8-9c6d-44a1-b15c-07ee27e9c201/element/6499cd46-75f0-4e8d-a9ef-27a6bb57fb37/click] with body: {"element":"6499cd46-75f0-4e8d-a9ef-27a6bb57fb37"}
[debug] &amp#27;[35m[WD Proxy]&amp#27;[39m Got response with status 200: {"sessionId":"98256aa8-9c6d-44a1-b15c-07ee27e9c201","value":null}
[debug] &amp#27;[35m[W3C (6b1442da)]&amp#27;[39m Responding to client with driver.click() result: null
&amp#27;[35m[HTTP]&amp#27;[39m &amp#27;[37m<-- POST /wd/hub/session/6b1442da-a31d-44ce-a6ab-2da9d351a367/element/6499cd46-75f0-4e8d-a9ef-27a6bb57fb37/click &amp#27;[39m&amp#27;[32m200&amp#27;[39m &amp#27;[90m54 ms - 14&amp#27;[39m
&amp#27;[35m[HTTP]&amp#27;[39m &amp#27;[90m&amp#27;[39m
&amp#27;[35m[HTTP]&amp#27;[39m &amp#27;[37m-->&amp#27;[39m &amp#27;[37mGET&amp#27;[39m &amp#27;[37m/wd/hub/session/6b1442da-a31d-44ce-a6ab-2da9d351a367/context&amp#27;[39m
&amp#27;[35m[HTTP]&amp#27;[39m &amp#27;[90m{}&amp#27;[39m
[debug] &amp#27;[35m[W3C (6b1442da)]&amp#27;[39m Calling AppiumDriver.getCurrentContext() with args: ["6b1442da-a31d-44ce-a6ab-2da9d351a367"]
[debug] &amp#27;[35m[W3C (6b1442da)]&amp#27;[39m Responding to client with driver.getCurrentContext() result: "NATIVE_APP"
&amp#27;[35m[HTTP]&amp#27;[39m &amp#27;[37m<-- GET /wd/hub/session/6b1442da-a31d-44ce-a6ab-2da9d351a367/context &amp#27;[39m&amp#27;[32m200&amp#27;[39m &amp#27;[90m7 ms - 22&amp#27;[39m
&amp#27;[35m[HTTP]&amp#27;[39m &amp#27;[90m&amp#27;[39m
&amp#27;[35m[HTTP]&amp#27;[39m &amp#27;[37m-->&amp#27;[39m &amp#27;[37mPOST&amp#27;[39m &amp#27;[37m/wd/hub/session/6b1442da-a31d-44ce-a6ab-2da9d351a367/element&amp#27;[39m
&amp#27;[35m[HTTP]&amp#27;[39m &amp#27;[90m{"using":"id","value":"com.androidsample.generalstore:id/radioMale"}&amp#27;[39m
[debug] &amp#27;[35m[W3C (6b1442da)]&amp#27;[39m Calling AppiumDriver.findElement() with args: ["id","com.androidsample.generalstore:id/radioMale","6b1442da-a31d-44ce-a6ab-2da9d351a367"]
[debug] &amp#27;[35m[BaseDriver]&amp#27;[39m Valid locator strategies for this request: xpath, id, class name, accessibility id, -android uiautomator
[debug] &amp#27;[35m[BaseDriver]&amp#27;[39m Waiting up to 10000 ms for condition
[debug] &amp#27;[35m[WD Proxy]&amp#27;[39m Matched '/element' to command name 'findElement'
[debug] &amp#27;[35m[WD Proxy]&amp#27;[39m Proxying [POST /element] to [POST http://127.0.0.1:8202/wd/hub/session/98256aa8-9c6d-44a1-b15c-07ee27e9c201/element] with body: {"strategy":"id","selector":"com.androidsample.generalstore:id/radioMale","context":"","multiple":false}
[debug] &amp#27;[35m[WD Proxy]&amp#27;[39m Got response with status 200: {"sessionId":"98256aa8-9c6d-44a1-b15c-07ee27e9c201","value":{"ELEMENT":"6de77859-0c91-4674-816d-838a794ba15f","element-6066-11e4-a52e-4f735466cecf":"6de77859-0c91-4674-816d-838a794ba15f"}}
[debug] &amp#27;[35m[W3C (6b1442da)]&amp#27;[39m Responding to client with driver.findElement() result: {"element-6066-11e4-a52e-4f735466cecf":"6de77859-0c91-4674-816d-838a794ba15f","ELEMENT":"6de77859-0c91-4674-816d-838a794ba15f"}
&amp#27;[35m[HTTP]&amp#27;[39m &amp#27;[37m<-- POST /wd/hub/session/6b1442da-a31d-44ce-a6ab-2da9d351a367/element &amp#27;[39m&amp#27;[32m200&amp#27;[39m &amp#27;[90m163 ms - 137&amp#27;[39m
&amp#27;[35m[HTTP]&amp#27;[39m &amp#27;[90m&amp#27;[39m
&amp#27;[35m[HTTP]&amp#27;[39m &amp#27;[37m-->&amp#27;[39m &amp#27;[37mPOST&amp#27;[39m &amp#27;[37m/wd/hub/session/6b1442da-a31d-44ce-a6ab-2da9d351a367/element/6de77859-0c91-4674-816d-838a794ba15f/click&amp#27;[39m
&amp#27;[35m[HTTP]&amp#27;[39m &amp#27;[90m{"id":"6de77859-0c91-4674-816d-838a794ba15f"}&amp#27;[39m
[debug] &amp#27;[35m[W3C (6b1442da)]&amp#27;[39m Calling AppiumDriver.click() with args: ["6de77859-0c91-4674-816d-838a794ba15f","6b1442da-a31d-44ce-a6ab-2da9d351a367"]
[debug] &amp#27;[35m[WD Proxy]&amp#27;[39m Matched '/element/6de77859-0c91-4674-816d-838a794ba15f/click' to command name 'click'
[debug] &amp#27;[35m[WD Proxy]&amp#27;[39m Proxying [POST /element/6de77859-0c91-4674-816d-838a794ba15f/click] to [POST http://127.0.0.1:8202/wd/hub/session/98256aa8-9c6d-44a1-b15c-07ee27e9c201/element/6de77859-0c91-4674-816d-838a794ba15f/click] with body: {"element":"6de77859-0c91-4674-816d-838a794ba15f"}
[debug] &amp#27;[35m[WD Proxy]&amp#27;[39m Got response with status 200: {"sessionId":"98256aa8-9c6d-44a1-b15c-07ee27e9c201","value":null}
[debug] &amp#27;[35m[W3C (6b1442da)]&amp#27;[39m Responding to client with driver.click() result: null
&amp#27;[35m[HTTP]&amp#27;[39m &amp#27;[37m<-- POST /wd/hub/session/6b1442da-a31d-44ce-a6ab-2da9d351a367/element/6de77859-0c91-4674-816d-838a794ba15f/click &amp#27;[39m&amp#27;[32m200&amp#27;[39m &amp#27;[90m55 ms - 14&amp#27;[39m
&amp#27;[35m[HTTP]&amp#27;[39m &amp#27;[90m&amp#27;[39m
&amp#27;[35m[HTTP]&amp#27;[39m &amp#27;[37m-->&amp#27;[39m &amp#27;[37mGET&amp#27;[39m &amp#27;[37m/wd/hub/session/6b1442da-a31d-44ce-a6ab-2da9d351a367/context&amp#27;[39m
&amp#27;[35m[HTTP]&amp#27;[39m &amp#27;[90m{}&amp#27;[39m
[debug] &amp#27;[35m[W3C (6b1442da)]&amp#27;[39m Calling AppiumDriver.getCurrentContext() with args: ["6b1442da-a31d-44ce-a6ab-2da9d351a367"]
[debug] &amp#27;[35m[W3C (6b1442da)]&amp#27;[39m Responding to client with driver.getCurrentContext() result: "NATIVE_APP"
&amp#27;[35m[HTTP]&amp#27;[39m &amp#27;[37m<-- GET /wd/hub/session/6b1442da-a31d-44ce-a6ab-2da9d351a367/context &amp#27;[39m&amp#27;[32m200&amp#27;[39m &amp#27;[90m3 ms - 22&amp#27;[39m
&amp#27;[35m[HTTP]&amp#27;[39m &amp#27;[90m&amp#27;[39m
&amp#27;[35m[HTTP]&amp#27;[39m &amp#27;[37m-->&amp#27;[39m &amp#27;[37mPOST&amp#27;[39m &amp#27;[37m/wd/hub/session/6b1442da-a31d-44ce-a6ab-2da9d351a367/element&amp#27;[39m
&amp#27;[35m[HTTP]&amp#27;[39m &amp#27;[90m{"using":"id","value":"com.androidsample.generalstore:id/btnLetsShop"}&amp#27;[39m
[debug] &amp#27;[35m[W3C (6b1442da)]&amp#27;[39m Calling AppiumDriver.findElement() with args: ["id","com.androidsample.generalstore:id/btnLetsShop","6b1442da-a31d-44ce-a6ab-2da9d351a367"]
[debug] &amp#27;[35m[BaseDriver]&amp#27;[39m Valid locator strategies for this request: xpath, id, class name, accessibility id, -android uiautomator
[debug] &amp#27;[35m[BaseDriver]&amp#27;[39m Waiting up to 10000 ms for condition
[debug] &amp#27;[35m[WD Proxy]&amp#27;[39m Matched '/element' to command name 'findElement'
[debug] &amp#27;[35m[WD Proxy]&amp#27;[39m Proxying [POST /element] to [POST http://127.0.0.1:8202/wd/hub/session/98256aa8-9c6d-44a1-b15c-07ee27e9c201/element] with body: {"strategy":"id","selector":"com.androidsample.generalstore:id/btnLetsShop","context":"","multiple":false}
[debug] &amp#27;[35m[WD Proxy]&amp#27;[39m Got response with status 200: {"sessionId":"98256aa8-9c6d-44a1-b15c-07ee27e9c201","value":{"ELEMENT":"eee9f688-d0b3-43d8-aad5-c065b8f7488b","element-6066-11e4-a52e-4f735466cecf":"eee9f688-d0b3-43d8-aad5-c065b8f7488b"}}
[debug] &amp#27;[35m[W3C (6b1442da)]&amp#27;[39m Responding to client with driver.findElement() result: {"element-6066-11e4-a52e-4f735466cecf":"eee9f688-d0b3-43d8-aad5-c065b8f7488b","ELEMENT":"eee9f688-d0b3-43d8-aad5-c065b8f7488b"}
&amp#27;[35m[HTTP]&amp#27;[39m &amp#27;[37m<-- POST /wd/hub/session/6b1442da-a31d-44ce-a6ab-2da9d351a367/element &amp#27;[39m&amp#27;[32m200&amp#27;[39m &amp#27;[90m79 ms - 137&amp#27;[39m
&amp#27;[35m[HTTP]&amp#27;[39m &amp#27;[90m&amp#27;[39m
&amp#27;[35m[HTTP]&amp#27;[39m &amp#27;[37m-->&amp#27;[39m &amp#27;[37mPOST&amp#27;[39m &amp#27;[37m/wd/hub/session/6b1442da-a31d-44ce-a6ab-2da9d351a367/element/eee9f688-d0b3-43d8-aad5-c065b8f7488b/click&amp#27;[39m
&amp#27;[35m[HTTP]&amp#27;[39m &amp#27;[90m{"id":"eee9f688-d0b3-43d8-aad5-c065b8f7488b"}&amp#27;[39m
[debug] &amp#27;[35m[W3C (6b1442da)]&amp#27;[39m Calling AppiumDriver.click() with args: ["eee9f688-d0b3-43d8-aad5-c065b8f7488b","6b1442da-a31d-44ce-a6ab-2da9d351a367"]
[debug] &amp#27;[35m[WD Proxy]&amp#27;[39m Matched '/element/eee9f688-d0b3-43d8-aad5-c065b8f7488b/click' to command name 'click'
[debug] &amp#27;[35m[WD Proxy]&amp#27;[39m Proxying [POST /element/eee9f688-d0b3-43d8-aad5-c065b8f7488b/click] to [POST http://127.0.0.1:8202/wd/hub/session/98256aa8-9c6d-44a1-b15c-07ee27e9c201/element/eee9f688-d0b3-43d8-aad5-c065b8f7488b/click] with body: {"element":"eee9f688-d0b3-43d8-aad5-c065b8f7488b"}
[debug] &amp#27;[35m[WD Proxy]&amp#27;[39m Got response with status 200: {"sessionId":"98256aa8-9c6d-44a1-b15c-07ee27e9c201","value":null}
[debug] &amp#27;[35m[W3C (6b1442da)]&amp#27;[39m Responding to client with driver.click() result: null
&amp#27;[35m[HTTP]&amp#27;[39m &amp#27;[37m<-- POST /wd/hub/session/6b1442da-a31d-44ce-a6ab-2da9d351a367/element/eee9f688-d0b3-43d8-aad5-c065b8f7488b/click &amp#27;[39m&amp#27;[32m200&amp#27;[39m &amp#27;[90m493 ms - 14&amp#27;[39m
&amp#27;[35m[HTTP]&amp#27;[39m &amp#27;[90m&amp#27;[39m
&amp#27;[35m[HTTP]&amp#27;[39m &amp#27;[37m-->&amp#27;[39m &amp#27;[37mPOST&amp#27;[39m &amp#27;[37m/wd/hub/session/6b1442da-a31d-44ce-a6ab-2da9d351a367/element&amp#27;[39m
&amp#27;[35m[HTTP]&amp#27;[39m &amp#27;[90m{"using":"-android uiautomator","value":"new UiScrollable(new UiSelector()).scrollIntoView(text(\"Converse All Star\"));"}&amp#27;[39m
[debug] &amp#27;[35m[W3C (6b1442da)]&amp#27;[39m Calling AppiumDriver.findElement() with args: ["-android uiautomator","new UiScrollable(new UiSelector()).scrollIntoView(text(\"Converse All Star\"));","6b1442da-a31d-44ce-a6ab-2da9d351a367"]
[debug] &amp#27;[35m[BaseDriver]&amp#27;[39m Valid locator strategies for this request: xpath, id, class name, accessibility id, -android uiautomator
[debug] &amp#27;[35m[BaseDriver]&amp#27;[39m Waiting up to 10000 ms for condition
[debug] &amp#27;[35m[WD Proxy]&amp#27;[39m Matched '/element' to command name 'findElement'
[debug] &amp#27;[35m[WD Proxy]&amp#27;[39m Proxying [POST /element] to [POST http://127.0.0.1:8202/wd/hub/session/98256aa8-9c6d-44a1-b15c-07ee27e9c201/element] with body: {"strategy":"-android uiautomator","selector":"new UiScrollable(new UiSelector()).scrollIntoView(text(\"Converse All Star\"));","context":"","multiple":false}
[debug] &amp#27;[35m[WD Proxy]&amp#27;[39m Got response with status 200: {"sessionId":"98256aa8-9c6d-44a1-b15c-07ee27e9c201","value":{"ELEMENT":"1e0eebd8-67b8-47a9-89be-0b4c45835d94","element-6066-11e4-a52e-4f735466cecf":"1e0eebd8-67b8-47a9-89be-0b4c45835d94"}}
[debug] &amp#27;[35m[W3C (6b1442da)]&amp#27;[39m Responding to client with driver.findElement() result: {"element-6066-11e4-a52e-4f735466cecf":"1e0eebd8-67b8-47a9-89be-0b4c45835d94","ELEMENT":"1e0eebd8-67b8-47a9-89be-0b4c45835d94"}
&amp#27;[35m[HTTP]&amp#27;[39m &amp#27;[37m<-- POST /wd/hub/session/6b1442da-a31d-44ce-a6ab-2da9d351a367/element &amp#27;[39m&amp#27;[32m200&amp#27;[39m &amp#27;[90m5441 ms - 137&amp#27;[39m
&amp#27;[35m[HTTP]&amp#27;[39m &amp#27;[90m&amp#27;[39m
&amp#27;[35m[HTTP]&amp#27;[39m &amp#27;[37m-->&amp#27;[39m &amp#27;[37mGET&amp#27;[39m &amp#27;[37m/wd/hub/session/6b1442da-a31d-44ce-a6ab-2da9d351a367/context&amp#27;[39m
&amp#27;[35m[HTTP]&amp#27;[39m &amp#27;[90m{}&amp#27;[39m
[debug] &amp#27;[35m[W3C (6b1442da)]&amp#27;[39m Calling AppiumDriver.getCurrentContext() with args: ["6b1442da-a31d-44ce-a6ab-2da9d351a367"]
[debug] &amp#27;[35m[W3C (6b1442da)]&amp#27;[39m Responding to client with driver.getCurrentContext() result: "NATIVE_APP"
&amp#27;[35m[HTTP]&amp#27;[39m &amp#27;[37m<-- GET /wd/hub/session/6b1442da-a31d-44ce-a6ab-2da9d351a367/context &amp#27;[39m&amp#27;[32m200&amp#27;[39m &amp#27;[90m5 ms - 22&amp#27;[39m
&amp#27;[35m[HTTP]&amp#27;[39m &amp#27;[90m&amp#27;[39m
&amp#27;[35m[HTTP]&amp#27;[39m &amp#27;[37m-->&amp#27;[39m &amp#27;[37mPOST&amp#27;[39m &amp#27;[37m/wd/hub/session/6b1442da-a31d-44ce-a6ab-2da9d351a367/elements&amp#27;[39m
&amp#27;[35m[HTTP]&amp#27;[39m &amp#27;[90m{"using":"id","value":"com.androidsample.generalstore:id/productAddCart"}&amp#27;[39m
[debug] &amp#27;[35m[W3C (6b1442da)]&amp#27;[39m Calling AppiumDriver.findElements() with args: ["id","com.androidsample.generalstore:id/productAddCart","6b1442da-a31d-44ce-a6ab-2da9d351a367"]
[debug] &amp#27;[35m[BaseDriver]&amp#27;[39m Valid locator strategies for this request: xpath, id, class name, accessibility id, -android uiautomator
[debug] &amp#27;[35m[BaseDriver]&amp#27;[39m Waiting up to 10000 ms for condition
[debug] &amp#27;[35m[WD Proxy]&amp#27;[39m Matched '/elements' to command name 'findElements'
[debug] &amp#27;[35m[WD Proxy]&amp#27;[39m Proxying [POST /elements] to [POST http://127.0.0.1:8202/wd/hub/session/98256aa8-9c6d-44a1-b15c-07ee27e9c201/elements] with body: {"strategy":"id","selector":"com.androidsample.generalstore:id/productAddCart","context":"","multiple":true}
[debug] &amp#27;[35m[WD Proxy]&amp#27;[39m Got response with status 200: {"sessionId":"98256aa8-9c6d-44a1-b15c-07ee27e9c201","value":[{"ELEMENT":"ad582b61-96c2-4159-90cf-10f2eeec6150","element-6066-11e4-a52e-4f735466cecf":"ad582b61-96c2-4159-90cf-10f2eeec6150"},{"ELEMENT":"9f0f579e-b8d8-4599-a1c7-594e2967ff33","element-6066-11e4-a52e-4f735466cecf":"9f0f579e-b8d8-4599-a1c7-594e2967ff33"}]}
[debug] &amp#27;[35m[W3C (6b1442da)]&amp#27;[39m Responding to client with driver.findElements() result: [{"element-6066-11e4-a52e-4f735466cecf":"ad582b61-96c2-4159-90cf-10f2eeec6150","ELEMENT":"ad582b61-96c2-4159-90cf-10f2eeec6150"},{"element-6066-11e4-a52e-4f735466cecf":"9f0f579e-b8d8-4599-a1c7-594e2967ff33","ELEMENT":"9f0f579e-b8d8-4599-a1c7-594e2967ff33"}]
&amp#27;[35m[HTTP]&amp#27;[39m &amp#27;[37m<-- POST /wd/hub/session/6b1442da-a31d-44ce-a6ab-2da9d351a367/elements &amp#27;[39m&amp#27;[32m200&amp#27;[39m &amp#27;[90m117 ms - 267&amp#27;[39m
&amp#27;[35m[HTTP]&amp#27;[39m &amp#27;[90m&amp#27;[39m
&amp#27;[35m[HTTP]&amp#27;[39m &amp#27;[37m-->&amp#27;[39m &amp#27;[37mPOST&amp#27;[39m &amp#27;[37m/wd/hub/session/6b1442da-a31d-44ce-a6ab-2da9d351a367/element/ad582b61-96c2-4159-90cf-10f2eeec6150/click&amp#27;[39m
&amp#27;[35m[HTTP]&amp#27;[39m &amp#27;[90m{"id":"ad582b61-96c2-4159-90cf-10f2eeec6150"}&amp#27;[39m
[debug] &amp#27;[35m[W3C (6b1442da)]&amp#27;[39m Calling AppiumDriver.click() with args: ["ad582b61-96c2-4159-90cf-10f2eeec6150","6b1442da-a31d-44ce-a6ab-2da9d351a367"]
[debug] &amp#27;[35m[WD Proxy]&amp#27;[39m Matched '/element/ad582b61-96c2-4159-90cf-10f2eeec6150/click' to command name 'click'
[debug] &amp#27;[35m[WD Proxy]&amp#27;[39m Proxying [POST /element/ad582b61-96c2-4159-90cf-10f2eeec6150/click] to [POST http://127.0.0.1:8202/wd/hub/session/98256aa8-9c6d-44a1-b15c-07ee27e9c201/element/ad582b61-96c2-4159-90cf-10f2eeec6150/click] with body: {"element":"ad582b61-96c2-4159-90cf-10f2eeec6150"}
[debug] &amp#27;[35m[WD Proxy]&amp#27;[39m Got response with status 200: {"sessionId":"98256aa8-9c6d-44a1-b15c-07ee27e9c201","value":null}
[debug] &amp#27;[35m[W3C (6b1442da)]&amp#27;[39m Responding to client with driver.click() result: null
&amp#27;[35m[HTTP]&amp#27;[39m &amp#27;[37m<-- POST /wd/hub/session/6b1442da-a31d-44ce-a6ab-2da9d351a367/element/ad582b61-96c2-4159-90cf-10f2eeec6150/click &amp#27;[39m&amp#27;[32m200&amp#27;[39m &amp#27;[90m118 ms - 14&amp#27;[39m
&amp#27;[35m[HTTP]&amp#27;[39m &amp#27;[90m&amp#27;[39m
&amp#27;[35m[HTTP]&amp#27;[39m &amp#27;[37m-->&amp#27;[39m &amp#27;[37mGET&amp#27;[39m &amp#27;[37m/wd/hub/session/6b1442da-a31d-44ce-a6ab-2da9d351a367/context&amp#27;[39m
&amp#27;[35m[HTTP]&amp#27;[39m &amp#27;[90m{}&amp#27;[39m
[debug] &amp#27;[35m[W3C (6b1442da)]&amp#27;[39m Calling AppiumDriver.getCurrentContext() with args: ["6b1442da-a31d-44ce-a6ab-2da9d351a367"]
[debug] &amp#27;[35m[W3C (6b1442da)]&amp#27;[39m Responding to client with driver.getCurrentContext() result: "NATIVE_APP"
&amp#27;[35m[HTTP]&amp#27;[39m &amp#27;[37m<-- GET /wd/hub/session/6b1442da-a31d-44ce-a6ab-2da9d351a367/context &amp#27;[39m&amp#27;[32m200&amp#27;[39m &amp#27;[90m11 ms - 22&amp#27;[39m
&amp#27;[35m[HTTP]&amp#27;[39m &amp#27;[90m&amp#27;[39m
&amp#27;[35m[HTTP]&amp#27;[39m &amp#27;[37m-->&amp#27;[39m &amp#27;[37mPOST&amp#27;[39m &amp#27;[37m/wd/hub/session/6b1442da-a31d-44ce-a6ab-2da9d351a367/elements&amp#27;[39m
&amp#27;[35m[HTTP]&amp#27;[39m &amp#27;[90m{"using":"id","value":"com.androidsample.generalstore:id/productAddCart"}&amp#27;[39m
[debug] &amp#27;[35m[W3C (6b1442da)]&amp#27;[39m Calling AppiumDriver.findElements() with args: ["id","com.androidsample.generalstore:id/productAddCart","6b1442da-a31d-44ce-a6ab-2da9d351a367"]
[debug] &amp#27;[35m[BaseDriver]&amp#27;[39m Valid locator strategies for this request: xpath, id, class name, accessibility id, -android uiautomator
[debug] &amp#27;[35m[BaseDriver]&amp#27;[39m Waiting up to 10000 ms for condition
[debug] &amp#27;[35m[WD Proxy]&amp#27;[39m Matched '/elements' to command name 'findElements'
[debug] &amp#27;[35m[WD Proxy]&amp#27;[39m Proxying [POST /elements] to [POST http://127.0.0.1:8202/wd/hub/session/98256aa8-9c6d-44a1-b15c-07ee27e9c201/elements] with body: {"strategy":"id","selector":"com.androidsample.generalstore:id/productAddCart","context":"","multiple":true}
[debug] &amp#27;[35m[WD Proxy]&amp#27;[39m Got response with status 200: {"sessionId":"98256aa8-9c6d-44a1-b15c-07ee27e9c201","value":[{"ELEMENT":"2996de5b-d5b3-4166-85bf-6a6511e3b055","element-6066-11e4-a52e-4f735466cecf":"2996de5b-d5b3-4166-85bf-6a6511e3b055"},{"ELEMENT":"18180b9f-2d57-4a9d-84d9-f62d8c3bdd29","element-6066-11e4-a52e-4f735466cecf":"18180b9f-2d57-4a9d-84d9-f62d8c3bdd29"}]}
[debug] &amp#27;[35m[W3C (6b1442da)]&amp#27;[39m Responding to client with driver.findElements() result: [{"element-6066-11e4-a52e-4f735466cecf":"2996de5b-d5b3-4166-85bf-6a6511e3b055","ELEMENT":"2996de5b-d5b3-4166-85bf-6a6511e3b055"},{"element-6066-11e4-a52e-4f735466cecf":"18180b9f-2d57-4a9d-84d9-f62d8c3bdd29","ELEMENT":"18180b9f-2d57-4a9d-84d9-f62d8c3bdd29"}]
&amp#27;[35m[HTTP]&amp#27;[39m &amp#27;[37m<-- POST /wd/hub/session/6b1442da-a31d-44ce-a6ab-2da9d351a367/elements &amp#27;[39m&amp#27;[32m200&amp#27;[39m &amp#27;[90m140 ms - 267&amp#27;[39m
&amp#27;[35m[HTTP]&amp#27;[39m &amp#27;[90m&amp#27;[39m
&amp#27;[35m[HTTP]&amp#27;[39m &amp#27;[37m-->&amp#27;[39m &amp#27;[37mPOST&amp#27;[39m &amp#27;[37m/wd/hub/session/6b1442da-a31d-44ce-a6ab-2da9d351a367/element/18180b9f-2d57-4a9d-84d9-f62d8c3bdd29/click&amp#27;[39m
&amp#27;[35m[HTTP]&amp#27;[39m &amp#27;[90m{"id":"18180b9f-2d57-4a9d-84d9-f62d8c3bdd29"}&amp#27;[39m
[debug] &amp#27;[35m[W3C (6b1442da)]&amp#27;[39m Calling AppiumDriver.click() with args: ["18180b9f-2d57-4a9d-84d9-f62d8c3bdd29","6b1442da-a31d-44ce-a6ab-2da9d351a367"]
[debug] &amp#27;[35m[WD Proxy]&amp#27;[39m Matched '/element/18180b9f-2d57-4a9d-84d9-f62d8c3bdd29/click' to command name 'click'
[debug] &amp#27;[35m[WD Proxy]&amp#27;[39m Proxying [POST /element/18180b9f-2d57-4a9d-84d9-f62d8c3bdd29/click] to [POST http://127.0.0.1:8202/wd/hub/session/98256aa8-9c6d-44a1-b15c-07ee27e9c201/element/18180b9f-2d57-4a9d-84d9-f62d8c3bdd29/click] with body: {"element":"18180b9f-2d57-4a9d-84d9-f62d8c3bdd29"}
[debug] &amp#27;[35m[WD Proxy]&amp#27;[39m Got response with status 200: {"sessionId":"98256aa8-9c6d-44a1-b15c-07ee27e9c201","value":null}
[debug] &amp#27;[35m[W3C (6b1442da)]&amp#27;[39m Responding to client with driver.click() result: null
&amp#27;[35m[HTTP]&amp#27;[39m &amp#27;[37m<-- POST /wd/hub/session/6b1442da-a31d-44ce-a6ab-2da9d351a367/element/18180b9f-2d57-4a9d-84d9-f62d8c3bdd29/click &amp#27;[39m&amp#27;[32m200&amp#27;[39m &amp#27;[90m121 ms - 14&amp#27;[39m
&amp#27;[35m[HTTP]&amp#27;[39m &amp#27;[90m&amp#27;[39m
&amp#27;[35m[HTTP]&amp#27;[39m &amp#27;[37m-->&amp#27;[39m &amp#27;[37mGET&amp#27;[39m &amp#27;[37m/wd/hub/session/6b1442da-a31d-44ce-a6ab-2da9d351a367/context&amp#27;[39m
&amp#27;[35m[HTTP]&amp#27;[39m &amp#27;[90m{}&amp#27;[39m
[debug] &amp#27;[35m[W3C (6b1442da)]&amp#27;[39m Calling AppiumDriver.getCurrentContext() with args: ["6b1442da-a31d-44ce-a6ab-2da9d351a367"]
[debug] &amp#27;[35m[W3C (6b1442da)]&amp#27;[39m Responding to client with driver.getCurrentContext() result: "NATIVE_APP"
&amp#27;[35m[HTTP]&amp#27;[39m &amp#27;[37m<-- GET /wd/hub/session/6b1442da-a31d-44ce-a6ab-2da9d351a367/context &amp#27;[39m&amp#27;[32m200&amp#27;[39m &amp#27;[90m10 ms - 22&amp#27;[39m
&amp#27;[35m[HTTP]&amp#27;[39m &amp#27;[90m&amp#27;[39m
&amp#27;[35m[HTTP]&amp#27;[39m &amp#27;[37m-->&amp#27;[39m &amp#27;[37mPOST&amp#27;[39m &amp#27;[37m/wd/hub/session/6b1442da-a31d-44ce-a6ab-2da9d351a367/element&amp#27;[39m
&amp#27;[35m[HTTP]&amp#27;[39m &amp#27;[90m{"using":"id","value":"com.androidsample.generalstore:id/appbar_btn_cart"}&amp#27;[39m
[debug] &amp#27;[35m[W3C (6b1442da)]&amp#27;[39m Calling AppiumDriver.findElement() with args: ["id","com.androidsample.generalstore:id/appbar_btn_cart","6b1442da-a31d-44ce-a6ab-2da9d351a367"]
[debug] &amp#27;[35m[BaseDriver]&amp#27;[39m Valid locator strategies for this request: xpath, id, class name, accessibility id, -android uiautomator
[debug] &amp#27;[35m[BaseDriver]&amp#27;[39m Waiting up to 10000 ms for condition
[debug] &amp#27;[35m[WD Proxy]&amp#27;[39m Matched '/element' to command name 'findElement'
[debug] &amp#27;[35m[WD Proxy]&amp#27;[39m Proxying [POST /element] to [POST http://127.0.0.1:8202/wd/hub/session/98256aa8-9c6d-44a1-b15c-07ee27e9c201/element] with body: {"strategy":"id","selector":"com.androidsample.generalstore:id/appbar_btn_cart","context":"","multiple":false}
[debug] &amp#27;[35m[WD Proxy]&amp#27;[39m Got response with status 200: {"sessionId":"98256aa8-9c6d-44a1-b15c-07ee27e9c201","value":{"ELEMENT":"95982d5b-cbbb-4270-aa4a-d95204513eb4","element-6066-11e4-a52e-4f735466cecf":"95982d5b-cbbb-4270-aa4a-d95204513eb4"}}
[debug] &amp#27;[35m[W3C (6b1442da)]&amp#27;[39m Responding to client with driver.findElement() result: {"element-6066-11e4-a52e-4f735466cecf":"95982d5b-cbbb-4270-aa4a-d95204513eb4","ELEMENT":"95982d5b-cbbb-4270-aa4a-d95204513eb4"}
&amp#27;[35m[HTTP]&amp#27;[39m &amp#27;[37m<-- POST /wd/hub/session/6b1442da-a31d-44ce-a6ab-2da9d351a367/element &amp#27;[39m&amp#27;[32m200&amp#27;[39m &amp#27;[90m485 ms - 137&amp#27;[39m
&amp#27;[35m[HTTP]&amp#27;[39m &amp#27;[90m&amp#27;[39m
&amp#27;[35m[HTTP]&amp#27;[39m &amp#27;[37m-->&amp#27;[39m &amp#27;[37mPOST&amp#27;[39m &amp#27;[37m/wd/hub/session/6b1442da-a31d-44ce-a6ab-2da9d351a367/element/95982d5b-cbbb-4270-aa4a-d95204513eb4/click&amp#27;[39m
&amp#27;[35m[HTTP]&amp#27;[39m &amp#27;[90m{"id":"95982d5b-cbbb-4270-aa4a-d95204513eb4"}&amp#27;[39m
[debug] &amp#27;[35m[W3C (6b1442da)]&amp#27;[39m Calling AppiumDriver.click() with args: ["95982d5b-cbbb-4270-aa4a-d95204513eb4","6b1442da-a31d-44ce-a6ab-2da9d351a367"]
[debug] &amp#27;[35m[WD Proxy]&amp#27;[39m Matched '/element/95982d5b-cbbb-4270-aa4a-d95204513eb4/click' to command name 'click'
[debug] &amp#27;[35m[WD Proxy]&amp#27;[39m Proxying [POST /element/95982d5b-cbbb-4270-aa4a-d95204513eb4/click] to [POST http://127.0.0.1:8202/wd/hub/session/98256aa8-9c6d-44a1-b15c-07ee27e9c201/element/95982d5b-cbbb-4270-aa4a-d95204513eb4/click] with body: {"element":"95982d5b-cbbb-4270-aa4a-d95204513eb4"}
[debug] &amp#27;[35m[WD Proxy]&amp#27;[39m Got response with status 200: {"sessionId":"98256aa8-9c6d-44a1-b15c-07ee27e9c201","value":null}
[debug] &amp#27;[35m[W3C (6b1442da)]&amp#27;[39m Responding to client with driver.click() result: null
&amp#27;[35m[HTTP]&amp#27;[39m &amp#27;[37m<-- POST /wd/hub/session/6b1442da-a31d-44ce-a6ab-2da9d351a367/element/95982d5b-cbbb-4270-aa4a-d95204513eb4/click &amp#27;[39m&amp#27;[32m200&amp#27;[39m &amp#27;[90m61 ms - 14&amp#27;[39m
&amp#27;[35m[HTTP]&amp#27;[39m &amp#27;[90m&amp#27;[39m
&amp#27;[35m[HTTP]&amp#27;[39m &amp#27;[37m-->&amp#27;[39m &amp#27;[37mGET&amp#27;[39m &amp#27;[37m/wd/hub/session/6b1442da-a31d-44ce-a6ab-2da9d351a367/context&amp#27;[39m
&amp#27;[35m[HTTP]&amp#27;[39m &amp#27;[90m{}&amp#27;[39m
[debug] &amp#27;[35m[W3C (6b1442da)]&amp#27;[39m Calling AppiumDriver.getCurrentContext() with args: ["6b1442da-a31d-44ce-a6ab-2da9d351a367"]
[debug] &amp#27;[35m[W3C (6b1442da)]&amp#27;[39m Responding to client with driver.getCurrentContext() result: "NATIVE_APP"
&amp#27;[35m[HTTP]&amp#27;[39m &amp#27;[37m<-- GET /wd/hub/session/6b1442da-a31d-44ce-a6ab-2da9d351a367/context &amp#27;[39m&amp#27;[32m200&amp#27;[39m &amp#27;[90m4 ms - 22&amp#27;[39m
&amp#27;[35m[HTTP]&amp#27;[39m &amp#27;[90m&amp#27;[39m
&amp#27;[35m[HTTP]&amp#27;[39m &amp#27;[37m-->&amp#27;[39m &amp#27;[37mPOST&amp#27;[39m &amp#27;[37m/wd/hub/session/6b1442da-a31d-44ce-a6ab-2da9d351a367/elements&amp#27;[39m
&amp#27;[35m[HTTP]&amp#27;[39m &amp#27;[90m{"using":"id","value":"com.androidsample.generalstore:id/productPrice"}&amp#27;[39m
[debug] &amp#27;[35m[W3C (6b1442da)]&amp#27;[39m Calling AppiumDriver.findElements() with args: ["id","com.androidsample.generalstore:id/productPrice","6b1442da-a31d-44ce-a6ab-2da9d351a367"]
[debug] &amp#27;[35m[BaseDriver]&amp#27;[39m Valid locator strategies for this request: xpath, id, class name, accessibility id, -android uiautomator
[debug] &amp#27;[35m[BaseDriver]&amp#27;[39m Waiting up to 10000 ms for condition
[debug] &amp#27;[35m[WD Proxy]&amp#27;[39m Matched '/elements' to command name 'findElements'
[debug] &amp#27;[35m[WD Proxy]&amp#27;[39m Proxying [POST /elements] to [POST http://127.0.0.1:8202/wd/hub/session/98256aa8-9c6d-44a1-b15c-07ee27e9c201/elements] with body: {"strategy":"id","selector":"com.androidsample.generalstore:id/productPrice","context":"","multiple":true}
[debug] &amp#27;[35m[WD Proxy]&amp#27;[39m Got response with status 200: {"sessionId":"98256aa8-9c6d-44a1-b15c-07ee27e9c201","value":[{"ELEMENT":"b638f3d7-a84d-4142-9bcd-ebf1fbcf667a","element-6066-11e4-a52e-4f735466cecf":"b638f3d7-a84d-4142-9bcd-ebf1fbcf667a"},{"ELEMENT":"933528fb-c293-4bd1-a6f3-7e59539c12e8","element-6066-11e4-a52e-4f735466cecf":"933528fb-c293-4bd1-a6f3-7e59539c12e8"}]}
[debug] &amp#27;[35m[W3C (6b1442da)]&amp#27;[39m Responding to client with driver.findElements() result: [{"element-6066-11e4-a52e-4f735466cecf":"b638f3d7-a84d-4142-9bcd-ebf1fbcf667a","ELEMENT":"b638f3d7-a84d-4142-9bcd-ebf1fbcf667a"},{"element-6066-11e4-a52e-4f735466cecf":"933528fb-c293-4bd1-a6f3-7e59539c12e8","ELEMENT":"933528fb-c293-4bd1-a6f3-7e59539c12e8"}]
&amp#27;[35m[HTTP]&amp#27;[39m &amp#27;[37m<-- POST /wd/hub/session/6b1442da-a31d-44ce-a6ab-2da9d351a367/elements &amp#27;[39m&amp#27;[32m200&amp#27;[39m &amp#27;[90m132 ms - 267&amp#27;[39m
&amp#27;[35m[HTTP]&amp#27;[39m &amp#27;[90m&amp#27;[39m
&amp#27;[35m[HTTP]&amp#27;[39m &amp#27;[37m-->&amp#27;[39m &amp#27;[37mGET&amp#27;[39m &amp#27;[37m/wd/hub/session/6b1442da-a31d-44ce-a6ab-2da9d351a367/element/b638f3d7-a84d-4142-9bcd-ebf1fbcf667a/text&amp#27;[39m
&amp#27;[35m[HTTP]&amp#27;[39m &amp#27;[90m{}&amp#27;[39m
&amp#27;[35m[W3C (6b1442da)]&amp#27;[39m Driver proxy active, passing request on via HTTP proxy
[debug] &amp#27;[35m[WD Proxy]&amp#27;[39m Matched '/wd/hub/session/6b1442da-a31d-44ce-a6ab-2da9d351a367/element/b638f3d7-a84d-4142-9bcd-ebf1fbcf667a/text' to command name 'getText'
[...]
[debug] &amp#27;[35m[BaseDriver]&amp#27;[39m W3C timeout argument: {"implicit":10000}}
[debug] &amp#27;[35m[BaseDriver]&amp#27;[39m Set implicit wait to 10000ms
[debug] &amp#27;[35m[W3C (235c0c57)]&amp#27;[39m Responding to client with driver.timeouts() result: null
&amp#27;[35m[HTTP]&amp#27;[39m &amp#27;[37m<-- POST /wd/hub/session/235c0c57-024c-4d9d-ad81-633df9d879b8/timeouts &amp#27;[39m&amp#27;[32m200&amp#27;[39m &amp#27;[90m5 ms - 14&amp#27;[39m
&amp#27;[35m[HTTP]&amp#27;[39m &amp#27;[90m&amp#27;[39m
&amp#27;[35m[HTTP]&amp#27;[39m &amp#27;[37m-->&amp#27;[39m &amp#27;[37mGET&amp#27;[39m &amp#27;[37m/wd/hub/session/235c0c57-024c-4d9d-ad81-633df9d879b8/context&amp#27;[39m
&amp#27;[35m[HTTP]&amp#27;[39m &amp#27;[90m{}&amp#27;[39m
[debug] &amp#27;[35m[W3C (235c0c57)]&amp#27;[39m Calling AppiumDriver.getCurrentContext() with args: ["235c0c57-024c-4d9d-ad81-633df9d879b8"]
[debug] &amp#27;[35m[W3C (235c0c57)]&amp#27;[39m Responding to client with driver.getCurrentContext() result: "NATIVE_APP"
&amp#27;[35m[HTTP]&amp#27;[39m &amp#27;[37m<-- GET /wd/hub/session/235c0c57-024c-4d9d-ad81-633df9d879b8/context &amp#27;[39m&amp#27;[32m200&amp#27;[39m &amp#27;[90m9 ms - 22&amp#27;[39m
&amp#27;[35m[HTTP]&amp#27;[39m &amp#27;[90m&amp#27;[39m
&amp#27;[35m[HTTP]&amp#27;[39m &amp#27;[37m-->&amp#27;[39m &amp#27;[37mPOST&amp#27;[39m &amp#27;[37m/wd/hub/session/235c0c57-024c-4d9d-ad81-633df9d879b8/element&amp#27;[39m
&amp#27;[35m[HTTP]&amp#27;[39m &amp#27;[90m{"using":"id","value":"com.google.android.youtube:id/menu_item_1"}&amp#27;[39m
[debug] &amp#27;[35m[W3C (235c0c57)]&amp#27;[39m Calling AppiumDriver.findElement() with args: ["id","com.google.android.youtube:id/menu_item_1","235c0c57-024c-4d9d-ad81-633df9d879b8"]
[debug] &amp#27;[35m[BaseDriver]&amp#27;[39m Valid locator strategies for this request: xpath, id, class name, accessibility id, -android uiautomator
[debug] &amp#27;[35m[BaseDriver]&amp#27;[39m Waiting up to 10000 ms for condition
[debug] &amp#27;[35m[WD Proxy]&amp#27;[39m Matched '/element' to command name 'findElement'
[debug] &amp#27;[35m[WD Proxy]&amp#27;[39m Proxying [POST /element] to [POST http://127.0.0.1:8204/wd/hub/session/bbd1b2fc-571f-4199-9e3c-217fee7b7715/element] with body: {"strategy":"id","selector":"com.google.android.youtube:id/menu_item_1","context":"","multiple":false}
&amp#27;[35m[WD Proxy]&amp#27;[39m Got response with status 404: {"sessionId":"bbd1b2fc-571f-4199-9e3c-217fee7b7715","value":{"error":"no such element","message":"An element could not be located on the page using the given search parameters","stacktrace":"io.appium.uiautomator2.common.exceptions.ElementNotFoundException: An element could not be located on the page using the given search parameters\n\tat io.appium.uiautomator2.handler.FindElement.safeHandle(FindElement.java:73)\n\tat io.appium.uiautomator2.handler.request.SafeRequestHandler.handle(SafeRequestHandler.java:41)\n\tat io.appium.uiautomator2.server.AppiumServlet.handleRequest(AppiumServlet.java:257)\n\tat io.appium.uiautomator2.server.AppiumServlet.handleHttpRequest(AppiumServlet.java:247)\n\tat io.appium.uiautomator2.http.ServerHandler.channelRead(ServerHandler.java:50)\n\tat io.netty.channel.AbstractChannelHandlerContext.invokeChannelRead(AbstractChannelHandlerContext.java:366)\n\tat io.netty.channel.AbstractChannelHandlerContext.invokeChannelRead(AbstractChannelHandlerContext.java:352)\n\tat io.netty.chann...
[debug] &amp#27;[35m[W3C]&amp#27;[39m Matched W3C error code 'no such element' to NoSuchElementError
[debug] &amp#27;[35m[BaseDriver]&amp#27;[39m Waited for 1868 ms so far
[debug] &amp#27;[35m[WD Proxy]&amp#27;[39m Matched '/element' to command name 'findElement'
[debug] &amp#27;[35m[WD Proxy]&amp#27;[39m Proxying [POST /element] to [POST http://127.0.0.1:8204/wd/hub/session/bbd1b2fc-571f-4199-9e3c-217fee7b7715/element] with body: {"strategy":"id","selector":"com.google.android.youtube:id/menu_item_1","context":"","multiple":false}
[debug] &amp#27;[35m[WD Proxy]&amp#27;[39m Got response with status 200: {"sessionId":"bbd1b2fc-571f-4199-9e3c-217fee7b7715","value":{"ELEMENT":"75f20d4e-2562-4fae-a9e1-82d3592528fe","element-6066-11e4-a52e-4f735466cecf":"75f20d4e-2562-4fae-a9e1-82d3592528fe"}}
[debug] &amp#27;[35m[W3C (235c0c57)]&amp#27;[39m Responding to client with driver.findElement() result: {"element-6066-11e4-a52e-4f735466cecf":"75f20d4e-2562-4fae-a9e1-82d3592528fe","ELEMENT":"75f20d4e-2562-4fae-a9e1-82d3592528fe"}
&amp#27;[35m[HTTP]&amp#27;[39m &amp#27;[37m<-- POST /wd/hub/session/235c0c57-024c-4d9d-ad81-633df9d879b8/element &amp#27;[39m&amp#27;[32m200&amp#27;[39m &amp#27;[90m3957 ms - 137&amp#27;[39m
&amp#27;[35m[HTTP]&amp#27;[39m &amp#27;[90m&amp#27;[39m
&amp#27;[35m[HTTP]&amp#27;[39m &amp#27;[37m-->&amp#27;[39m &amp#27;[37mPOST&amp#27;[39m &amp#27;[37m/wd/hub/session/235c0c57-024c-4d9d-ad81-633df9d879b8/element/75f20d4e-2562-4fae-a9e1-82d3592528fe/click&amp#27;[39m
&amp#27;[35m[HTTP]&amp#27;[39m &amp#27;[90m{"id":"75f20d4e-2562-4fae-a9e1-82d3592528fe"}&amp#27;[39m
[debug] &amp#27;[35m[W3C (235c0c57)]&amp#27;[39m Calling AppiumDriver.click() with args: ["75f20d4e-2562-4fae-a9e1-82d3592528fe","235c0c57-024c-4d9d-ad81-633df9d879b8"]
[debug] &amp#27;[35m[WD Proxy]&amp#27;[39m Matched '/element/75f20d4e-2562-4fae-a9e1-82d3592528fe/click' to command name 'click'
[debug] &amp#27;[35m[WD Proxy]&amp#27;[39m Proxying [POST /element/75f20d4e-2562-4fae-a9e1-82d3592528fe/click] to [POST http://127.0.0.1:8204/wd/hub/session/bbd1b2fc-571f-4199-9e3c-217fee7b7715/element/75f20d4e-2562-4fae-a9e1-82d3592528fe/click] with body: {"element":"75f20d4e-2562-4fae-a9e1-82d3592528fe"}
[debug] &amp#27;[35m[WD Proxy]&amp#27;[39m Got response with status 200: {"sessionId":"bbd1b2fc-571f-4199-9e3c-217fee7b7715","value":null}
[debug] &amp#27;[35m[W3C (235c0c57)]&amp#27;[39m Responding to client with driver.click() result: null
&amp#27;[35m[HTTP]&amp#27;[39m &amp#27;[37m<-- POST /wd/hub/session/235c0c57-024c-4d9d-ad81-633df9d879b8/element/75f20d4e-2562-4fae-a9e1-82d3592528fe/click &amp#27;[39m&amp#27;[32m200&amp#27;[39m &amp#27;[90m808 ms - 14&amp#27;[39m
&amp#27;[35m[HTTP]&amp#27;[39m &amp#27;[90m&amp#27;[39m
&amp#27;[35m[HTTP]&amp#27;[39m &amp#27;[37m-->&amp#27;[39m &amp#27;[37mGET&amp#27;[39m &amp#27;[37m/wd/hub/session/235c0c57-024c-4d9d-ad81-633df9d879b8/context&amp#27;[39m
&amp#27;[35m[HTTP]&amp#27;[39m &amp#27;[90m{}&amp#27;[39m
[debug] &amp#27;[35m[W3C (235c0c57)]&amp#27;[39m Calling AppiumDriver.getCurrentContext() with args: ["235c0c57-024c-4d9d-ad81-633df9d879b8"]
[debug] &amp#27;[35m[W3C (235c0c57)]&amp#27;[39m Responding to client with driver.getCurrentContext() result: "NATIVE_APP"
&amp#27;[35m[HTTP]&amp#27;[39m &amp#27;[37m<-- GET /wd/hub/session/235c0c57-024c-4d9d-ad81-633df9d879b8/context &amp#27;[39m&amp#27;[32m200&amp#27;[39m &amp#27;[90m8 ms - 22&amp#27;[39m
&amp#27;[35m[HTTP]&amp#27;[39m &amp#27;[90m&amp#27;[39m
&amp#27;[35m[HTTP]&amp#27;[39m &amp#27;[37m-->&amp#27;[39m &amp#27;[37mPOST&amp#27;[39m &amp#27;[37m/wd/hub/session/235c0c57-024c-4d9d-ad81-633df9d879b8/element&amp#27;[39m
&amp#27;[35m[HTTP]&amp#27;[39m &amp#27;[90m{"using":"id","value":"com.google.android.youtube:id/search_edit_text"}&amp#27;[39m
[debug] &amp#27;[35m[W3C (235c0c57)]&amp#27;[39m Calling AppiumDriver.findElement() with args: ["id","com.google.android.youtube:id/search_edit_text","235c0c57-024c-4d9d-ad81-633df9d879b8"]
[debug] &amp#27;[35m[BaseDriver]&amp#27;[39m Valid locator strategies for this request: xpath, id, class name, accessibility id, -android uiautomator
[debug] &amp#27;[35m[BaseDriver]&amp#27;[39m Waiting up to 10000 ms for condition
[debug] &amp#27;[35m[WD Proxy]&amp#27;[39m Matched '/element' to command name 'findElement'
[debug] &amp#27;[35m[WD Proxy]&amp#27;[39m Proxying [POST /element] to [POST http://127.0.0.1:8204/wd/hub/session/bbd1b2fc-571f-4199-9e3c-217fee7b7715/element] with body: {"strategy":"id","selector":"com.google.android.youtube:id/search_edit_text","context":"","multiple":false}
[debug] &amp#27;[35m[WD Proxy]&amp#27;[39m Got response with status 200: {"sessionId":"bbd1b2fc-571f-4199-9e3c-217fee7b7715","value":{"ELEMENT":"01c369d6-0b4b-4634-9092-384149865d7b","element-6066-11e4-a52e-4f735466cecf":"01c369d6-0b4b-4634-9092-384149865d7b"}}
[debug] &amp#27;[35m[W3C (235c0c57)]&amp#27;[39m Responding to client with driver.findElement() result: {"element-6066-11e4-a52e-4f735466cecf":"01c369d6-0b4b-4634-9092-384149865d7b","ELEMENT":"01c369d6-0b4b-4634-9092-384149865d7b"}
&amp#27;[35m[HTTP]&amp#27;[39m &amp#27;[37m<-- POST /wd/hub/session/235c0c57-024c-4d9d-ad81-633df9d879b8/element &amp#27;[39m&amp#27;[32m200&amp#27;[39m &amp#27;[90m202 ms - 137&amp#27;[39m
&amp#27;[35m[HTTP]&amp#27;[39m &amp#27;[90m&amp#27;[39m
&amp#27;[35m[HTTP]&amp#27;[39m &amp#27;[37m-->&amp#27;[39m &amp#27;[37mPOST&amp#27;[39m &amp#27;[37m/wd/hub/session/235c0c57-024c-4d9d-ad81-633df9d879b8/element/01c369d6-0b4b-4634-9092-384149865d7b/value&amp#27;[39m
&amp#27;[35m[HTTP]&amp#27;[39m &amp#27;[90m{"id":"01c369d6-0b4b-4634-9092-384149865d7b","text":"UST Global","value":["U","S","T"," ","G","l","o","b","a","l"]}&amp#27;[39m
[debug] &amp#27;[35m[W3C (235c0c57)]&amp#27;[39m Calling AppiumDriver.setValue() with args: [["U","S","T"," ","G","l","o","b","a","l"],"01c369d6-0b4b-4634-9092-384149865d7b","235c0c57-024c-4d9d-ad81-633df9d879b8"]
[debug] &amp#27;[35m[WD Proxy]&amp#27;[39m Matched '/element/01c369d6-0b4b-4634-9092-384149865d7b/value' to command name 'setValue'
[debug] &amp#27;[35m[Protocol Converter]&amp#27;[39m Added 'value' property ["U","S","T"," ","G","l","o","b","a","l"] to 'setValue' request body
[debug] &amp#27;[35m[WD Proxy]&amp#27;[39m Proxying [POST /element/01c369d6-0b4b-4634-9092-384149865d7b/value] to [POST http://127.0.0.1:8204/wd/hub/session/bbd1b2fc-571f-4199-9e3c-217fee7b7715/element/01c369d6-0b4b-4634-9092-384149865d7b/value] with body: {"elementId":"01c369d6-0b4b-4634-9092-384149865d7b","text":"UST Global","replace":false,"value":["U","S","T"," ","G","l","o","b","a","l"]}
[debug] &amp#27;[35m[WD Proxy]&amp#27;[39m Got response with status 200: {"sessionId":"bbd1b2fc-571f-4199-9e3c-217fee7b7715","value":null}
[debug] &amp#27;[35m[W3C (235c0c57)]&amp#27;[39m Responding to client with driver.setValue() result: null
&amp#27;[35m[HTTP]&amp#27;[39m &amp#27;[37m<-- POST /wd/hub/session/235c0c57-024c-4d9d-ad81-633df9d879b8/element/01c369d6-0b4b-4634-9092-384149865d7b/value &amp#27;[39m&amp#27;[32m200&amp#27;[39m &amp#27;[90m957 ms - 14&amp#27;[39m
&amp#27;[35m[HTTP]&amp#27;[39m &amp#27;[90m&amp#27;[39m
&amp#27;[35m[HTTP]&amp#27;[39m &amp#27;[37m-->&amp#27;[39m &amp#27;[37mGET&amp#27;[39m &amp#27;[37m/wd/hub/session/235c0c57-024c-4d9d-ad81-633df9d879b8/context&amp#27;[39m
&amp#27;[35m[HTTP]&amp#27;[39m &amp#27;[90m{}&amp#27;[39m
[debug] &amp#27;[35m[W3C (235c0c57)]&amp#27;[39m Calling AppiumDriver.getCurrentContext() with args: ["235c0c57-024c-4d9d-ad81-633df9d879b8"]
[debug] &amp#27;[35m[W3C (235c0c57)]&amp#27;[39m Responding to client with driver.getCurrentContext() result: "NATIVE_APP"
&amp#27;[35m[HTTP]&amp#27;[39m &amp#27;[37m<-- GET /wd/hub/session/235c0c57-024c-4d9d-ad81-633df9d879b8/context &amp#27;[39m&amp#27;[32m200&amp#27;[39m &amp#27;[90m6 ms - 22&amp#27;[39m
&amp#27;[35m[HTTP]&amp#27;[39m &amp#27;[90m&amp#27;[39m
&amp#27;[35m[HTTP]&amp#27;[39m &amp#27;[37m-->&amp#27;[39m &amp#27;[37mPOST&amp#27;[39m &amp#27;[37m/wd/hub/session/235c0c57-024c-4d9d-ad81-633df9d879b8/element&amp#27;[39m
&amp#27;[35m[HTTP]&amp#27;[39m &amp#27;[90m{"using":"xpath","value":"//android.widget.TextView[@text='ust global trivandrum']"}&amp#27;[39m
[debug] &amp#27;[35m[W3C (235c0c57)]&amp#27;[39m Calling AppiumDriver.findElement() with args: ["xpath","//android.widget.TextView[@text='ust global trivandrum']","235c0c57-024c-4d9d-ad81-633df9d879b8"]
[debug] &amp#27;[35m[BaseDriver]&amp#27;[39m Valid locator strategies for this request: xpath, id, class name, accessibility id, -android uiautomator
[debug] &amp#27;[35m[BaseDriver]&amp#27;[39m Waiting up to 10000 ms for condition
[debug] &amp#27;[35m[WD Proxy]&amp#27;[39m Matched '/element' to command name 'findElement'
[debug] &amp#27;[35m[WD Proxy]&amp#27;[39m Proxying [POST /element] to [POST http://127.0.0.1:8204/wd/hub/session/bbd1b2fc-571f-4199-9e3c-217fee7b7715/element] with body: {"strategy":"xpath","selector":"//android.widget.TextView[@text='ust global trivandrum']","context":"","multiple":false}
[debug] &amp#27;[35m[WD Proxy]&amp#27;[39m Got response with status 200: {"sessionId":"bbd1b2fc-571f-4199-9e3c-217fee7b7715","value":{"ELEMENT":"c0caca95-eaa1-422b-a9fd-17b76afb0035","element-6066-11e4-a52e-4f735466cecf":"c0caca95-eaa1-422b-a9fd-17b76afb0035"}}
[debug] &amp#27;[35m[W3C (235c0c57)]&amp#27;[39m Responding to client with driver.findElement() result: {"element-6066-11e4-a52e-4f735466cecf":"c0caca95-eaa1-422b-a9fd-17b76afb0035","ELEMENT":"c0caca95-eaa1-422b-a9fd-17b76afb0035"}
&amp#27;[35m[HTTP]&amp#27;[39m &amp#27;[37m<-- POST /wd/hub/session/235c0c57-024c-4d9d-ad81-633df9d879b8/element &amp#27;[39m&amp#27;[32m200&amp#27;[39m &amp#27;[90m1300 ms - 137&amp#27;[39m
&amp#27;[35m[HTTP]&amp#27;[39m &amp#27;[90m&amp#27;[39m
&amp#27;[35m[HTTP]&amp#27;[39m &amp#27;[37m-->&amp#27;[39m &amp#27;[37mPOST&amp#27;[39m &amp#27;[37m/wd/hub/session/235c0c57-024c-4d9d-ad81-633df9d879b8/element/c0caca95-eaa1-422b-a9fd-17b76afb0035/click&amp#27;[39m
&amp#27;[35m[HTTP]&amp#27;[39m &amp#27;[90m{"id":"c0caca95-eaa1-422b-a9fd-17b76afb0035"}&amp#27;[39m
[debug] &amp#27;[35m[W3C (235c0c57)]&amp#27;[39m Calling AppiumDriver.click() with args: ["c0caca95-eaa1-422b-a9fd-17b76afb0035","235c0c57-024c-4d9d-ad81-633df9d879b8"]
[debug] &amp#27;[35m[WD Proxy]&amp#27;[39m Matched '/element/c0caca95-eaa1-422b-a9fd-17b76afb0035/click' to command name 'click'
[debug] &amp#27;[35m[WD Proxy]&amp#27;[39m Proxying [POST /element/c0caca95-eaa1-422b-a9fd-17b76afb0035/click] to [POST http://127.0.0.1:8204/wd/hub/session/bbd1b2fc-571f-4199-9e3c-217fee7b7715/element/c0caca95-eaa1-422b-a9fd-17b76afb0035/click] with body: {"element":"c0caca95-eaa1-422b-a9fd-17b76afb0035"}
[debug] &amp#27;[35m[WD Proxy]&amp#27;[39m Got response with status 200: {"sessionId":"bbd1b2fc-571f-4199-9e3c-217fee7b7715","value":null}
[debug] &amp#27;[35m[W3C (235c0c57)]&amp#27;[39m Responding to client with driver.click() result: null
&amp#27;[35m[HTTP]&amp#27;[39m &amp#27;[37m<-- POST /wd/hub/session/235c0c57-024c-4d9d-ad81-633df9d879b8/element/c0caca95-eaa1-422b-a9fd-17b76afb0035/click &amp#27;[39m&amp#27;[32m200&amp#27;[39m &amp#27;[90m1116 ms - 14&amp#27;[39m
&amp#27;[35m[HTTP]&amp#27;[39m &amp#27;[90m&amp#27;[39m
&amp#27;[35m[HTTP]&amp#27;[39m &amp#27;[37m-->&amp#27;[39m &amp#27;[37mGET&amp#27;[39m &amp#27;[37m/wd/hub/session/235c0c57-024c-4d9d-ad81-633df9d879b8/context&amp#27;[39m
&amp#27;[35m[HTTP]&amp#27;[39m &amp#27;[90m{}&amp#27;[39m
[debug] &amp#27;[35m[W3C (235c0c57)]&amp#27;[39m Calling AppiumDriver.getCurrentContext() with args: ["235c0c57-024c-4d9d-ad81-633df9d879b8"]
[debug] &amp#27;[35m[W3C (235c0c57)]&amp#27;[39m Responding to client with driver.getCurrentContext() result: "NATIVE_APP"
&amp#27;[35m[HTTP]&amp#27;[39m &amp#27;[37m<-- GET /wd/hub/session/235c0c57-024c-4d9d-ad81-633df9d879b8/context &amp#27;[39m&amp#27;[32m200&amp#27;[39m &amp#27;[90m4 ms - 22&amp#27;[39m
&amp#27;[35m[HTTP]&amp#27;[39m &amp#27;[90m&amp#27;[39m
&amp#27;[35m[HTTP]&amp#27;[39m &amp#27;[37m-->&amp#27;[39m &amp#27;[37mPOST&amp#27;[39m &amp#27;[37m/wd/hub/session/235c0c57-024c-4d9d-ad81-633df9d879b8/element&amp#27;[39m
&amp#27;[35m[HTTP]&amp#27;[39m &amp#27;[90m{"using":"xpath","value":"//android.view.ViewGroup[@index='0']"}&amp#27;[39m
[debug] &amp#27;[35m[W3C (235c0c57)]&amp#27;[39m Calling AppiumDriver.findElement() with args: ["xpath","//android.view.ViewGroup[@index='0']","235c0c57-024c-4d9d-ad81-633df9d879b8"]
[debug] &amp#27;[35m[BaseDriver]&amp#27;[39m Valid locator strategies for this request: xpath, id, class name, accessibility id, -android uiautomator
[debug] &amp#27;[35m[BaseDriver]&amp#27;[39m Waiting up to 10000 ms for condition
[debug] &amp#27;[35m[WD Proxy]&amp#27;[39m Matched '/element' to command name 'findElement'
[debug] &amp#27;[35m[WD Proxy]&amp#27;[39m Proxying [POST /element] to [POST http://127.0.0.1:8204/wd/hub/session/bbd1b2fc-571f-4199-9e3c-217fee7b7715/element] with body: {"strategy":"xpath","selector":"//android.view.ViewGroup[@index='0']","context":"","multiple":false}
[debug] &amp#27;[35m[WD Proxy]&amp#27;[39m Got response with status 200: {"sessionId":"bbd1b2fc-571f-4199-9e3c-217fee7b7715","value":{"ELEMENT":"ee1c6695-5e40-4935-94d9-f6f2ed229bc8","element-6066-11e4-a52e-4f735466cecf":"ee1c6695-5e40-4935-94d9-f6f2ed229bc8"}}
[debug] &amp#27;[35m[W3C (235c0c57)]&amp#27;[39m Responding to client with driver.findElement() result: {"element-6066-11e4-a52e-4f735466cecf":"ee1c6695-5e40-4935-94d9-f6f2ed229bc8","ELEMENT":"ee1c6695-5e40-4935-94d9-f6f2ed229bc8"}
&amp#27;[35m[HTTP]&amp#27;[39m &amp#27;[37m<-- POST /wd/hub/session/235c0c57-024c-4d9d-ad81-633df9d879b8/element &amp#27;[39m&amp#27;[32m200&amp#27;[39m &amp#27;[90m796 ms - 137&amp#27;[39m
&amp#27;[35m[HTTP]&amp#27;[39m &amp#27;[90m&amp#27;[39m
&amp#27;[35m[HTTP]&amp#27;[39m &amp#27;[37m-->&amp#27;[39m &amp#27;[37mPOST&amp#27;[39m &amp#27;[37m/wd/hub/session/235c0c57-024c-4d9d-ad81-633df9d879b8/element/ee1c6695-5e40-4935-94d9-f6f2ed229bc8/click&amp#27;[39m
&amp#27;[35m[HTTP]&amp#27;[39m &amp#27;[90m{"id":"ee1c6695-5e40-4935-94d9-f6f2ed229bc8"}&amp#27;[39m
[debug] &amp#27;[35m[W3C (235c0c57)]&amp#27;[39m Calling AppiumDriver.click() with args: ["ee1c6695-5e40-4935-94d9-f6f2ed229bc8","235c0c57-024c-4d9d-ad81-633df9d879b8"]
[debug] &amp#27;[35m[WD Proxy]&amp#27;[39m Matched '/element/ee1c6695-5e40-4935-94d9-f6f2ed229bc8/click' to command name 'click'
[debug] &amp#27;[35m[WD Proxy]&amp#27;[39m Proxying [POST /element/ee1c6695-5e40-4935-94d9-f6f2ed229bc8/click] to [POST http://127.0.0.1:8204/wd/hub/session/bbd1b2fc-571f-4199-9e3c-217fee7b7715/element/ee1c6695-5e40-4935-94d9-f6f2ed229bc8/click] with body: {"element":"ee1c6695-5e40-4935-94d9-f6f2ed229bc8"}
[debug] &amp#27;[35m[WD Proxy]&amp#27;[39m Got response with status 200: {"sessionId":"bbd1b2fc-571f-4199-9e3c-217fee7b7715","value":null}
[debug] &amp#27;[35m[W3C (235c0c57)]&amp#27;[39m Responding to client with driver.click() result: null
&amp#27;[35m[HTTP]&amp#27;[39m &amp#27;[37m<-- POST /wd/hub/session/235c0c57-024c-4d9d-ad81-633df9d879b8/element/ee1c6695-5e40-4935-94d9-f6f2ed229bc8/click &amp#27;[39m&amp#27;[32m200&amp#27;[39m &amp#27;[90m43 ms - 14&amp#27;[39m
&amp#27;[35m[HTTP]&amp#27;[39m &amp#27;[90m&amp#27;[39m
&amp#27;[35m[HTTP]&amp#27;[39m &amp#27;[37m-->&amp#27;[39m &amp#27;[37mPOST&amp#27;[39m &amp#27;[37m/wd/hub/session/235c0c57-024c-4d9d-ad81-633df9d879b8/appium/app/close&amp#27;[39m
&amp#27;[35m[HTTP]&amp#27;[39m &amp#27;[90m{}&amp#27;[39m
[debug] &amp#27;[35m[W3C (235c0c57)]&amp#27;[39m Calling AppiumDriver.closeApp() with args: ["235c0c57-024c-4d9d-ad81-633df9d879b8"]
[debug] &amp#27;[35m[ADB]&amp#27;[39m Running 'C:\Users\SARAVANAN R\AppData\Local\Android\Sdk\platform-tools\adb.exe -P 5037 -s emulator-5554 shell am force-stop com.google.android.youtube'
[debug] &amp#27;[35m[W3C (235c0c57)]&amp#27;[39m Responding to client with driver.closeApp() result: null
&amp#27;[35m[HTTP]&amp#27;[39m &amp#27;[37m<-- POST /wd/hub/session/235c0c57-024c-4d9d-ad81-633df9d879b8/appium/app/close &amp#27;[39m&amp#27;[32m200&amp#27;[39m &amp#27;[90m322 ms - 14&amp#27;[39m
&amp#27;[35m[HTTP]&amp#27;[39m &amp#27;[90m&amp#27;[39m
]]></system-out>
    <system-err><![CDATA[Aug 01, 2020 12:44:49 AM io.appium.java_client.remote.AppiumCommandExecutor$1 lambda$0
INFO: Detected dialect: W3C
]]></system-err>
  </testcase>
</testsuite>